This is pdfTeX, Version 3.1415926-2.5-1.40.14 (TeX Live 2013/Debian) (format=pdflatex 2017.6.6)  31 DEC 2017 20:14
entering extended mode
 restricted \write18 enabled.
 %&-line parsing enabled.
**defense
(./defense.tex
LaTeX2e <2011/06/27>
Babel <3.9h> and hyphenation patterns for 2 languages loaded.
(/usr/share/texmf/tex/latex/beamer/base/beamer.cls
(/usr/share/texmf/tex/latex/beamer/base/beamerbasercs.sty
Package: beamerbasercs 2012/11/13 (rcs-revision cb16a617839f)
)
Document Class: beamer 2012/10/15 development version 3.24 A class for typesett
ing presentations (rcs-revision 24853e6b98cf)
(/usr/share/texmf/tex/latex/beamer/base/beamerbasemodes.sty
Package: beamerbasemodes 2012/04/15 (rcs-revision cc6557182d97)
\beamer@tempbox=\box26
\beamer@tempcount=\count79
\c@beamerpauses=\count80

(/usr/share/texmf/tex/latex/beamer/base/beamerbasedecode.sty
Package: beamerbasedecode 2010/05/01 (rcs-revision efa082c6111d)
\beamer@slideinframe=\count81
\beamer@minimum=\count82
)
\beamer@commentbox=\box27
\beamer@modecount=\count83
)
(/usr/share/texlive/texmf-dist/tex/generic/oberdiek/ifpdf.sty
Package: ifpdf 2011/01/30 v2.3 Provides the ifpdf switch (HO)
Package ifpdf Info: pdfTeX in PDF mode is detected.
)
\headheight=\dimen102
\headdp=\dimen103
\footheight=\dimen104
\sidebarheight=\dimen105
\beamer@tempdim=\dimen106
\beamer@finalheight=\dimen107
\beamer@animht=\dimen108
\beamer@animdp=\dimen109
\beamer@animwd=\dimen110
\beamer@leftmargin=\dimen111
\beamer@rightmargin=\dimen112
\beamer@leftsidebar=\dimen113
\beamer@rightsidebar=\dimen114
\beamer@boxsize=\dimen115
\beamer@vboxoffset=\dimen116
\beamer@descdefault=\dimen117
\beamer@descriptionwidth=\dimen118
\beamer@lastskip=\skip41
\beamer@areabox=\box28
\beamer@animcurrent=\box29
\beamer@animshowbox=\box30
\beamer@sectionbox=\box31
\beamer@logobox=\box32
\beamer@linebox=\box33
\beamer@sectioncount=\count84
\beamer@subsubsectionmax=\count85
\beamer@subsectionmax=\count86
\beamer@sectionmax=\count87
\beamer@totalheads=\count88
\beamer@headcounter=\count89
\beamer@partstartpage=\count90
\beamer@sectionstartpage=\count91
\beamer@subsectionstartpage=\count92
\beamer@animationtempa=\count93
\beamer@animationtempb=\count94
\beamer@xpos=\count95
\beamer@ypos=\count96
\beamer@showpartnumber=\count97
\beamer@currentsubsection=\count98
\beamer@coveringdepth=\count99
\beamer@sectionadjust=\count100
\beamer@tocsectionnumber=\count101

(/usr/share/texmf/tex/latex/beamer/base/beamerbaseoptions.sty
Package: beamerbaseoptions 2010/04/27 (rcs-revision 982469101dd6)

(/usr/share/texlive/texmf-dist/tex/latex/graphics/keyval.sty
Package: keyval 1999/03/16 v1.13 key=value parser (DPC)
\KV@toks@=\toks14
))
\beamer@paperwidth=\skip42
\beamer@paperheight=\skip43

(/usr/share/texlive/texmf-dist/tex/latex/geometry/geometry.sty
Package: geometry 2010/09/12 v5.6 Page Geometry

(/usr/share/texlive/texmf-dist/tex/generic/oberdiek/ifvtex.sty
Package: ifvtex 2010/03/01 v1.5 Detect VTeX and its facilities (HO)
Package ifvtex Info: VTeX not detected.
)
(/usr/share/texlive/texmf-dist/tex/generic/ifxetex/ifxetex.sty
Package: ifxetex 2010/09/12 v0.6 Provides ifxetex conditional
)
\Gm@cnth=\count102
\Gm@cntv=\count103
\c@Gm@tempcnt=\count104
\Gm@bindingoffset=\dimen119
\Gm@wd@mp=\dimen120
\Gm@odd@mp=\dimen121
\Gm@even@mp=\dimen122
\Gm@layoutwidth=\dimen123
\Gm@layoutheight=\dimen124
\Gm@layouthoffset=\dimen125
\Gm@layoutvoffset=\dimen126
\Gm@dimlist=\toks15
)
(/usr/share/texlive/texmf-dist/tex/latex/base/size11.clo
File: size11.clo 2007/10/19 v1.4h Standard LaTeX file (size option)
)
(/usr/share/texmf/tex/latex/pgf/basiclayer/pgfcore.sty
(/usr/share/texlive/texmf-dist/tex/latex/graphics/graphicx.sty
Package: graphicx 1999/02/16 v1.0f Enhanced LaTeX Graphics (DPC,SPQR)

(/usr/share/texlive/texmf-dist/tex/latex/graphics/graphics.sty
Package: graphics 2009/02/05 v1.0o Standard LaTeX Graphics (DPC,SPQR)

(/usr/share/texlive/texmf-dist/tex/latex/graphics/trig.sty
Package: trig 1999/03/16 v1.09 sin cos tan (DPC)
)
(/usr/share/texlive/texmf-dist/tex/latex/latexconfig/graphics.cfg
File: graphics.cfg 2010/04/23 v1.9 graphics configuration of TeX Live
)
Package graphics Info: Driver file: pdftex.def on input line 91.

(/usr/share/texlive/texmf-dist/tex/latex/pdftex-def/pdftex.def
File: pdftex.def 2011/05/27 v0.06d Graphics/color for pdfTeX

(/usr/share/texlive/texmf-dist/tex/generic/oberdiek/infwarerr.sty
Package: infwarerr 2010/04/08 v1.3 Providing info/warning/error messages (HO)
)
(/usr/share/texlive/texmf-dist/tex/generic/oberdiek/ltxcmds.sty
Package: ltxcmds 2011/11/09 v1.22 LaTeX kernel commands for general use (HO)
)
\Gread@gobject=\count105
))
\Gin@req@height=\dimen127
\Gin@req@width=\dimen128
)
(/usr/share/texmf/tex/latex/pgf/systemlayer/pgfsys.sty
(/usr/share/texmf/tex/latex/pgf/utilities/pgfrcs.sty
(/usr/share/texmf/tex/generic/pgf/utilities/pgfutil-common.tex
\pgfutil@everybye=\toks16
)
(/usr/share/texmf/tex/generic/pgf/utilities/pgfutil-latex.def
\pgfutil@abb=\box34

(/usr/share/texlive/texmf-dist/tex/latex/ms/everyshi.sty
Package: everyshi 2001/05/15 v3.00 EveryShipout Package (MS)
))
(/usr/share/texmf/tex/generic/pgf/utilities/pgfrcs.code.tex
Package: pgfrcs 2010/10/25 v2.10 (rcs-revision 1.24)
))
(/usr/share/texmf/tex/generic/pgf/systemlayer/pgfsys.code.tex
Package: pgfsys 2010/06/30 v2.10 (rcs-revision 1.37)

(/usr/share/texmf/tex/generic/pgf/utilities/pgfkeys.code.tex
\pgfkeys@pathtoks=\toks17
\pgfkeys@temptoks=\toks18

(/usr/share/texmf/tex/generic/pgf/utilities/pgfkeysfiltered.code.tex
\pgfkeys@tmptoks=\toks19
))
\pgf@x=\dimen129
\pgf@y=\dimen130
\pgf@xa=\dimen131
\pgf@ya=\dimen132
\pgf@xb=\dimen133
\pgf@yb=\dimen134
\pgf@xc=\dimen135
\pgf@yc=\dimen136
\w@pgf@writea=\write3
\r@pgf@reada=\read1
\c@pgf@counta=\count106
\c@pgf@countb=\count107
\c@pgf@countc=\count108
\c@pgf@countd=\count109

(/usr/share/texmf/tex/generic/pgf/systemlayer/pgf.cfg
File: pgf.cfg 2008/05/14  (rcs-revision 1.7)
)
Package pgfsys Info: Driver file for pgf: pgfsys-pdftex.def on input line 900.

(/usr/share/texmf/tex/generic/pgf/systemlayer/pgfsys-pdftex.def
File: pgfsys-pdftex.def 2009/05/22  (rcs-revision 1.26)

(/usr/share/texmf/tex/generic/pgf/systemlayer/pgfsys-common-pdf.def
File: pgfsys-common-pdf.def 2008/05/19  (rcs-revision 1.10)
)))
(/usr/share/texmf/tex/generic/pgf/systemlayer/pgfsyssoftpath.code.tex
File: pgfsyssoftpath.code.tex 2008/07/18  (rcs-revision 1.7)
\pgfsyssoftpath@smallbuffer@items=\count110
\pgfsyssoftpath@bigbuffer@items=\count111
)
(/usr/share/texmf/tex/generic/pgf/systemlayer/pgfsysprotocol.code.tex
File: pgfsysprotocol.code.tex 2006/10/16  (rcs-revision 1.4)
))
(/usr/share/texmf/tex/latex/xcolor/xcolor.sty
Package: xcolor 2007/01/21 v2.11 LaTeX color extensions (UK)

(/usr/share/texlive/texmf-dist/tex/latex/latexconfig/color.cfg
File: color.cfg 2007/01/18 v1.5 color configuration of teTeX/TeXLive
)
Package xcolor Info: Driver file: pdftex.def on input line 225.

(/usr/share/texlive/texmf-dist/tex/latex/colortbl/colortbl.sty
Package: colortbl 2012/02/13 v1.0a Color table columns (DPC)

(/usr/share/texlive/texmf-dist/tex/latex/tools/array.sty
Package: array 2008/09/09 v2.4c Tabular extension package (FMi)
\col@sep=\dimen137
\extrarowheight=\dimen138
\NC@list=\toks20
\extratabsurround=\skip44
\backup@length=\skip45
)
\everycr=\toks21
\minrowclearance=\skip46
)
\rownum=\count112
Package xcolor Info: Model `cmy' substituted by `cmy0' on input line 1337.
Package xcolor Info: Model `hsb' substituted by `rgb' on input line 1341.
Package xcolor Info: Model `RGB' extended on input line 1353.
Package xcolor Info: Model `HTML' substituted by `rgb' on input line 1355.
Package xcolor Info: Model `Hsb' substituted by `hsb' on input line 1356.
Package xcolor Info: Model `tHsb' substituted by `hsb' on input line 1357.
Package xcolor Info: Model `HSB' substituted by `hsb' on input line 1358.
Package xcolor Info: Model `Gray' substituted by `gray' on input line 1359.
Package xcolor Info: Model `wave' substituted by `hsb' on input line 1360.
)
(/usr/share/texmf/tex/generic/pgf/basiclayer/pgfcore.code.tex
Package: pgfcore 2010/04/11 v2.10 (rcs-revision 1.7)

(/usr/share/texmf/tex/generic/pgf/math/pgfmath.code.tex
(/usr/share/texmf/tex/generic/pgf/math/pgfmathcalc.code.tex
(/usr/share/texmf/tex/generic/pgf/math/pgfmathutil.code.tex)
(/usr/share/texmf/tex/generic/pgf/math/pgfmathparser.code.tex
\pgfmath@dimen=\dimen139
\pgfmath@count=\count113
\pgfmath@box=\box35
\pgfmath@toks=\toks22
\pgfmath@stack@operand=\toks23
\pgfmath@stack@operation=\toks24
)
(/usr/share/texmf/tex/generic/pgf/math/pgfmathfunctions.code.tex
(/usr/share/texmf/tex/generic/pgf/math/pgfmathfunctions.basic.code.tex)
(/usr/share/texmf/tex/generic/pgf/math/pgfmathfunctions.trigonometric.code.tex)
(/usr/share/texmf/tex/generic/pgf/math/pgfmathfunctions.random.code.tex)
(/usr/share/texmf/tex/generic/pgf/math/pgfmathfunctions.comparison.code.tex)
(/usr/share/texmf/tex/generic/pgf/math/pgfmathfunctions.base.code.tex)
(/usr/share/texmf/tex/generic/pgf/math/pgfmathfunctions.round.code.tex)
(/usr/share/texmf/tex/generic/pgf/math/pgfmathfunctions.misc.code.tex)))
(/usr/share/texmf/tex/generic/pgf/math/pgfmathfloat.code.tex
\c@pgfmathroundto@lastzeros=\count114
))
(/usr/share/texmf/tex/generic/pgf/basiclayer/pgfcorepoints.code.tex
File: pgfcorepoints.code.tex 2010/04/09  (rcs-revision 1.20)
\pgf@picminx=\dimen140
\pgf@picmaxx=\dimen141
\pgf@picminy=\dimen142
\pgf@picmaxy=\dimen143
\pgf@pathminx=\dimen144
\pgf@pathmaxx=\dimen145
\pgf@pathminy=\dimen146
\pgf@pathmaxy=\dimen147
\pgf@xx=\dimen148
\pgf@xy=\dimen149
\pgf@yx=\dimen150
\pgf@yy=\dimen151
\pgf@zx=\dimen152
\pgf@zy=\dimen153
)
(/usr/share/texmf/tex/generic/pgf/basiclayer/pgfcorepathconstruct.code.tex
File: pgfcorepathconstruct.code.tex 2010/08/03  (rcs-revision 1.24)
\pgf@path@lastx=\dimen154
\pgf@path@lasty=\dimen155
)
(/usr/share/texmf/tex/generic/pgf/basiclayer/pgfcorepathusage.code.tex
File: pgfcorepathusage.code.tex 2008/04/22  (rcs-revision 1.12)
\pgf@shorten@end@additional=\dimen156
\pgf@shorten@start@additional=\dimen157
)
(/usr/share/texmf/tex/generic/pgf/basiclayer/pgfcorescopes.code.tex
File: pgfcorescopes.code.tex 2010/09/08  (rcs-revision 1.34)
\pgfpic=\box36
\pgf@hbox=\box37
\pgf@layerbox@main=\box38
\pgf@picture@serial@count=\count115
)
(/usr/share/texmf/tex/generic/pgf/basiclayer/pgfcoregraphicstate.code.tex
File: pgfcoregraphicstate.code.tex 2008/04/22  (rcs-revision 1.9)
\pgflinewidth=\dimen158
)
(/usr/share/texmf/tex/generic/pgf/basiclayer/pgfcoretransformations.code.tex
File: pgfcoretransformations.code.tex 2009/06/10  (rcs-revision 1.11)
\pgf@pt@x=\dimen159
\pgf@pt@y=\dimen160
\pgf@pt@temp=\dimen161
)
(/usr/share/texmf/tex/generic/pgf/basiclayer/pgfcorequick.code.tex
File: pgfcorequick.code.tex 2008/10/09  (rcs-revision 1.3)
)
(/usr/share/texmf/tex/generic/pgf/basiclayer/pgfcoreobjects.code.tex
File: pgfcoreobjects.code.tex 2006/10/11  (rcs-revision 1.2)
)
(/usr/share/texmf/tex/generic/pgf/basiclayer/pgfcorepathprocessing.code.tex
File: pgfcorepathprocessing.code.tex 2008/10/09  (rcs-revision 1.8)
)
(/usr/share/texmf/tex/generic/pgf/basiclayer/pgfcorearrows.code.tex
File: pgfcorearrows.code.tex 2008/04/23  (rcs-revision 1.11)
)
(/usr/share/texmf/tex/generic/pgf/basiclayer/pgfcoreshade.code.tex
File: pgfcoreshade.code.tex 2008/11/23  (rcs-revision 1.13)
\pgf@max=\dimen162
\pgf@sys@shading@range@num=\count116
)
(/usr/share/texmf/tex/generic/pgf/basiclayer/pgfcoreimage.code.tex
File: pgfcoreimage.code.tex 2010/03/25  (rcs-revision 1.16)

(/usr/share/texmf/tex/generic/pgf/basiclayer/pgfcoreexternal.code.tex
File: pgfcoreexternal.code.tex 2010/09/01  (rcs-revision 1.17)
\pgfexternal@startupbox=\box39
))
(/usr/share/texmf/tex/generic/pgf/basiclayer/pgfcorelayers.code.tex
File: pgfcorelayers.code.tex 2010/08/27  (rcs-revision 1.2)
)
(/usr/share/texmf/tex/generic/pgf/basiclayer/pgfcoretransparency.code.tex
File: pgfcoretransparency.code.tex 2008/01/17  (rcs-revision 1.2)
)
(/usr/share/texmf/tex/generic/pgf/basiclayer/pgfcorepatterns.code.tex
File: pgfcorepatterns.code.tex 2009/07/02  (rcs-revision 1.3)
)))
(/usr/share/texmf/tex/latex/pgf/utilities/xxcolor.sty
Package: xxcolor 2003/10/24 ver 0.1
\XC@nummixins=\count117
\XC@countmixins=\count118
)
(/usr/share/texlive/texmf-dist/tex/latex/hyperref/hyperref.sty
Package: hyperref 2012/11/06 v6.83m Hypertext links for LaTeX

(/usr/share/texlive/texmf-dist/tex/generic/oberdiek/hobsub-hyperref.sty
Package: hobsub-hyperref 2012/05/28 v1.13 Bundle oberdiek, subset hyperref (HO)


(/usr/share/texlive/texmf-dist/tex/generic/oberdiek/hobsub-generic.sty
Package: hobsub-generic 2012/05/28 v1.13 Bundle oberdiek, subset generic (HO)
Package: hobsub 2012/05/28 v1.13 Construct package bundles (HO)
Package hobsub Info: Skipping package `infwarerr' (already loaded).
Package hobsub Info: Skipping package `ltxcmds' (already loaded).
Package: ifluatex 2010/03/01 v1.3 Provides the ifluatex switch (HO)
Package ifluatex Info: LuaTeX not detected.
Package hobsub Info: Skipping package `ifvtex' (already loaded).
Package: intcalc 2007/09/27 v1.1 Expandable calculations with integers (HO)
Package hobsub Info: Skipping package `ifpdf' (already loaded).
Package: etexcmds 2011/02/16 v1.5 Avoid name clashes with e-TeX commands (HO)
Package etexcmds Info: Could not find \expanded.
(etexcmds)             That can mean that you are not using pdfTeX 1.50 or
(etexcmds)             that some package has redefined \expanded.
(etexcmds)             In the latter case, load this package earlier.
Package: kvsetkeys 2012/04/25 v1.16 Key value parser (HO)
Package: kvdefinekeys 2011/04/07 v1.3 Define keys (HO)
Package: pdftexcmds 2011/11/29 v0.20 Utility functions of pdfTeX for LuaTeX (HO
)
Package pdftexcmds Info: LuaTeX not detected.
Package pdftexcmds Info: \pdf@primitive is available.
Package pdftexcmds Info: \pdf@ifprimitive is available.
Package pdftexcmds Info: \pdfdraftmode found.
Package: pdfescape 2011/11/25 v1.13 Implements pdfTeX's escape features (HO)
Package: bigintcalc 2012/04/08 v1.3 Expandable calculations on big integers (HO
)
Package: bitset 2011/01/30 v1.1 Handle bit-vector datatype (HO)
Package: uniquecounter 2011/01/30 v1.2 Provide unlimited unique counter (HO)
)
Package hobsub Info: Skipping package `hobsub' (already loaded).
Package: letltxmacro 2010/09/02 v1.4 Let assignment for LaTeX macros (HO)
Package: hopatch 2012/05/28 v1.2 Wrapper for package hooks (HO)
Package: xcolor-patch 2011/01/30 xcolor patch
Package: atveryend 2011/06/30 v1.8 Hooks at the very end of document (HO)
Package atveryend Info: \enddocument detected (standard20110627).
Package: atbegshi 2011/10/05 v1.16 At begin shipout hook (HO)
Package: refcount 2011/10/16 v3.4 Data extraction from label references (HO)
Package: hycolor 2011/01/30 v1.7 Color options for hyperref/bookmark (HO)
)
(/usr/share/texlive/texmf-dist/tex/latex/oberdiek/auxhook.sty
Package: auxhook 2011/03/04 v1.3 Hooks for auxiliary files (HO)
)
(/usr/share/texlive/texmf-dist/tex/latex/oberdiek/kvoptions.sty
Package: kvoptions 2011/06/30 v3.11 Key value format for package options (HO)
)
\@linkdim=\dimen163
\Hy@linkcounter=\count119
\Hy@pagecounter=\count120

(/usr/share/texlive/texmf-dist/tex/latex/hyperref/pd1enc.def
File: pd1enc.def 2012/11/06 v6.83m Hyperref: PDFDocEncoding definition (HO)
)
\Hy@SavedSpaceFactor=\count121

(/usr/share/texlive/texmf-dist/tex/latex/latexconfig/hyperref.cfg
File: hyperref.cfg 2002/06/06 v1.2 hyperref configuration of TeXLive
)
Package hyperref Info: Option `bookmarks' set `true' on input line 4319.
Package hyperref Info: Option `bookmarksopen' set `true' on input line 4319.
Package hyperref Info: Option `implicit' set `false' on input line 4319.
Package hyperref Info: Hyper figures OFF on input line 4443.
Package hyperref Info: Link nesting OFF on input line 4448.
Package hyperref Info: Hyper index ON on input line 4451.
Package hyperref Info: Plain pages OFF on input line 4458.
Package hyperref Info: Backreferencing OFF on input line 4463.
Package hyperref Info: Implicit mode OFF; no redefinition of LaTeX internals.
Package hyperref Info: Bookmarks ON on input line 4688.
\c@Hy@tempcnt=\count122

(/usr/share/texlive/texmf-dist/tex/latex/url/url.sty
\Urlmuskip=\muskip10
Package: url 2013/09/16  ver 3.4  Verb mode for urls, etc.
)
LaTeX Info: Redefining \url on input line 5041.
\XeTeXLinkMargin=\dimen164
\Fld@menulength=\count123
\Field@Width=\dimen165
\Fld@charsize=\dimen166
Package hyperref Info: Hyper figures OFF on input line 6295.
Package hyperref Info: Link nesting OFF on input line 6300.
Package hyperref Info: Hyper index ON on input line 6303.
Package hyperref Info: backreferencing OFF on input line 6310.
Package hyperref Info: Link coloring OFF on input line 6315.
Package hyperref Info: Link coloring with OCG OFF on input line 6320.
Package hyperref Info: PDF/A mode OFF on input line 6325.
LaTeX Info: Redefining \ref on input line 6365.
LaTeX Info: Redefining \pageref on input line 6369.
\Hy@abspage=\count124


Package hyperref Message: Stopped early.

)

Package hyperref Message: Driver (autodetected): hpdftex.

(/usr/share/texlive/texmf-dist/tex/latex/hyperref/hpdftex.def
File: hpdftex.def 2012/11/06 v6.83m Hyperref driver for pdfTeX
\Fld@listcount=\count125
\c@bookmark@seq@number=\count126

(/usr/share/texlive/texmf-dist/tex/latex/oberdiek/rerunfilecheck.sty
Package: rerunfilecheck 2011/04/15 v1.7 Rerun checks for auxiliary files (HO)
Package uniquecounter Info: New unique counter `rerunfilecheck' on input line 2
82.
))
(/usr/share/texmf/tex/latex/beamer/base/beamerbaserequires.sty
Package: beamerbaserequires 2010/05/01  (rcs-revision efa082c6111d)

(/usr/share/texmf/tex/latex/beamer/base/beamerbasecompatibility.sty
Package: beamerbasecompatibility 2012/05/01  (rcs-revision 67c48b3b652d)
)
(/usr/share/texmf/tex/latex/beamer/base/beamerbasefont.sty
Package: beamerbasefont 2012/09/19  (rcs-revision 733629cd0c6c)

(/usr/share/texlive/texmf-dist/tex/latex/amsfonts/amssymb.sty
Package: amssymb 2013/01/14 v3.01 AMS font symbols

(/usr/share/texlive/texmf-dist/tex/latex/amsfonts/amsfonts.sty
Package: amsfonts 2013/01/14 v3.01 Basic AMSFonts support
\@emptytoks=\toks25
\symAMSa=\mathgroup4
\symAMSb=\mathgroup5
LaTeX Font Info:    Overwriting math alphabet `\mathfrak' in version `bold'
(Font)                  U/euf/m/n --> U/euf/b/n on input line 106.
)))
(/usr/share/texmf/tex/latex/beamer/base/beamerbasetranslator.sty
Package: beamerbasetranslator 2010/06/11  (rcs-revision 85fd1cc7fc42)

(/usr/share/texmf/tex/latex/beamer/base/translator/translator.sty
Package: translator 2010/06/12 ver 1.10

(/usr/share/texmf/tex/latex/beamer/base/translator/translator-language-mappings
.tex))) (/usr/share/texmf/tex/latex/beamer/base/beamerbasemisc.sty
Package: beamerbasemisc 2012/02/24  (rcs-revision 2ff5461be705)
)
(/usr/share/texmf/tex/latex/beamer/base/beamerbasetwoscreens.sty
Package: beamerbasetwoscreens 2010/05/01  (rcs-revision efa082c6111d)
)
(/usr/share/texmf/tex/latex/beamer/base/beamerbaseoverlay.sty
Package: beamerbaseoverlay 2012/11/11  (rcs-revision 6afbc49b1109)
\beamer@argscount=\count127
\beamer@lastskipcover=\skip47
\beamer@trivlistdepth=\count128
)
(/usr/share/texmf/tex/latex/beamer/base/beamerbasetitle.sty
Package: beamerbasetitle 2010/09/21  (rcs-revision f0446ed0b6ae)
)
(/usr/share/texmf/tex/latex/beamer/base/beamerbasesection.sty
Package: beamerbasesection 2012/11/11  (rcs-revision 0056eef6f17f)
\c@lecture=\count129
\c@part=\count130
\c@section=\count131
\c@subsection=\count132
\c@subsubsection=\count133
)
(/usr/share/texmf/tex/latex/beamer/base/beamerbaseframe.sty
Package: beamerbaseframe 2012/09/13  (rcs-revision dcd846607320)
\beamer@framebox=\box40
\beamer@frametitlebox=\box41
\beamer@zoombox=\box42
\beamer@zoomcount=\count134
\beamer@zoomframecount=\count135
\beamer@frametextheight=\dimen167
\c@subsectionslide=\count136
\beamer@frametopskip=\skip48
\beamer@framebottomskip=\skip49
\beamer@frametopskipautobreak=\skip50
\beamer@framebottomskipautobreak=\skip51
\beamer@envbody=\toks26
\framewidth=\dimen168
\c@framenumber=\count137
)
(/usr/share/texmf/tex/latex/beamer/base/beamerbaseverbatim.sty
Package: beamerbaseverbatim 2012/08/30  (rcs-revision dfdb135076b3)
\beamer@verbatimfileout=\write4
)
(/usr/share/texmf/tex/latex/beamer/base/beamerbaseframesize.sty
Package: beamerbaseframesize 2011/09/12  (rcs-revision 70f9d8411e54)
\beamer@splitbox=\box43
\beamer@autobreakcount=\count138
\beamer@autobreaklastheight=\dimen169
\beamer@frametitletoks=\toks27
\beamer@framesubtitletoks=\toks28
)
(/usr/share/texmf/tex/latex/beamer/base/beamerbaseframecomponents.sty
Package: beamerbaseframecomponents 2012/09/13  (rcs-revision dcd846607320)
\beamer@footins=\box44
)
(/usr/share/texmf/tex/latex/beamer/base/beamerbasecolor.sty
Package: beamerbasecolor 2010/06/06  (rcs-revision d1a9b48be06d)
)
(/usr/share/texmf/tex/latex/beamer/base/beamerbasenotes.sty
Package: beamerbasenotes 2010/05/01  (rcs-revision efa082c6111d)
\beamer@frameboxcopy=\box45
)
(/usr/share/texmf/tex/latex/beamer/base/beamerbasetoc.sty
Package: beamerbasetoc 2012/10/02  (rcs-revision 5ed0f4010e8a)
)
(/usr/share/texmf/tex/latex/beamer/base/beamerbasetemplates.sty
Package: beamerbasetemplates 2010/05/01  (rcs-revision efa082c6111d)
\beamer@sbttoks=\toks29

(/usr/share/texmf/tex/latex/beamer/base/beamerbaseauxtemplates.sty
Package: beamerbaseauxtemplates 2012/05/01  (rcs-revision 67c48b3b652d)

(/usr/share/texmf/tex/latex/beamer/base/beamerbaseboxes.sty
Package: beamerbaseboxes 2012/05/13  (rcs-revision 56972908a390)
\bmb@box=\box46
\bmb@colorbox=\box47
\bmb@boxshadow=\box48
\bmb@boxshadowball=\box49
\bmb@boxshadowballlarge=\box50
\bmb@temp=\dimen170
\bmb@dima=\dimen171
\bmb@dimb=\dimen172
\bmb@prevheight=\dimen173
)
\beamer@blockheadheight=\dimen174
))
(/usr/share/texmf/tex/latex/beamer/base/beamerbaselocalstructure.sty
Package: beamerbaselocalstructure 2012/11/13  (rcs-revision ddfba79dac19)

(/usr/share/texlive/texmf-dist/tex/latex/tools/enumerate.sty
Package: enumerate 1999/03/05 v3.00 enumerate extensions (DPC)
\@enLab=\toks30
)
\c@figure=\count139
\c@table=\count140
\abovecaptionskip=\skip52
\belowcaptionskip=\skip53
)
(/usr/share/texmf/tex/latex/beamer/base/beamerbasenavigation.sty
Package: beamerbasenavigation 2012/04/03  (rcs-revision 42a0f21a412d)
\beamer@section@min@dim=\dimen175
)
(/usr/share/texmf/tex/latex/beamer/base/beamerbasetheorems.sty
Package: beamerbasetheorems 2010/06/06  (rcs-revision 7e7cc5e53e9d)

(/usr/share/texlive/texmf-dist/tex/latex/amsmath/amsmath.sty
Package: amsmath 2013/01/14 v2.14 AMS math features
\@mathmargin=\skip54

For additional information on amsmath, use the `?' option.
(/usr/share/texlive/texmf-dist/tex/latex/amsmath/amstext.sty
Package: amstext 2000/06/29 v2.01

(/usr/share/texlive/texmf-dist/tex/latex/amsmath/amsgen.sty
File: amsgen.sty 1999/11/30 v2.0
\@emptytoks=\toks31
\ex@=\dimen176
))
(/usr/share/texlive/texmf-dist/tex/latex/amsmath/amsbsy.sty
Package: amsbsy 1999/11/29 v1.2d
\pmbraise@=\dimen177
)
(/usr/share/texlive/texmf-dist/tex/latex/amsmath/amsopn.sty
Package: amsopn 1999/12/14 v2.01 operator names
)
\inf@bad=\count141
LaTeX Info: Redefining \frac on input line 210.
\uproot@=\count142
\leftroot@=\count143
LaTeX Info: Redefining \overline on input line 306.
\classnum@=\count144
\DOTSCASE@=\count145
LaTeX Info: Redefining \ldots on input line 378.
LaTeX Info: Redefining \dots on input line 381.
LaTeX Info: Redefining \cdots on input line 466.
\Mathstrutbox@=\box51
\strutbox@=\box52
\big@size=\dimen178
LaTeX Font Info:    Redeclaring font encoding OML on input line 566.
LaTeX Font Info:    Redeclaring font encoding OMS on input line 567.
\macc@depth=\count146
\c@MaxMatrixCols=\count147
\dotsspace@=\muskip11
\c@parentequation=\count148
\dspbrk@lvl=\count149
\tag@help=\toks32
\row@=\count150
\column@=\count151
\maxfields@=\count152
\andhelp@=\toks33
\eqnshift@=\dimen179
\alignsep@=\dimen180
\tagshift@=\dimen181
\tagwidth@=\dimen182
\totwidth@=\dimen183
\lineht@=\dimen184
\@envbody=\toks34
\multlinegap=\skip55
\multlinetaggap=\skip56
\mathdisplay@stack=\toks35
LaTeX Info: Redefining \[ on input line 2665.
LaTeX Info: Redefining \] on input line 2666.
)
(/usr/share/texlive/texmf-dist/tex/latex/amscls/amsthm.sty
Package: amsthm 2004/08/06 v2.20
\thm@style=\toks36
\thm@bodyfont=\toks37
\thm@headfont=\toks38
\thm@notefont=\toks39
\thm@headpunct=\toks40
\thm@preskip=\skip57
\thm@postskip=\skip58
\thm@headsep=\skip59
\dth@everypar=\toks41
)
\c@theorem=\count153
)
(/usr/share/texmf/tex/latex/beamer/base/beamerbasethemes.sty
Package: beamerbasethemes 2010/05/01  (rcs-revision efa082c6111d)
))
(/usr/share/texmf/tex/latex/beamer/base/themes/theme/beamerthemedefault.sty
Package: beamerthemedefault 2010/06/17  (rcs-revision d02a7cf4d8ae)

(/usr/share/texmf/tex/latex/beamer/base/themes/font/beamerfontthemedefault.sty
Package: beamerfontthemedefault 2010/06/17  (rcs-revision d02a7cf4d8ae)
)
(/usr/share/texmf/tex/latex/beamer/base/themes/color/beamercolorthemedefault.st
y
Package: beamercolorthemedefault 2010/06/17  (rcs-revision d02a7cf4d8ae)
)
(/usr/share/texmf/tex/latex/beamer/base/themes/inner/beamerinnerthemedefault.st
y
Package: beamerinnerthemedefault 2012/05/01  (rcs-revision 67c48b3b652d)
\beamer@dima=\dimen185
\beamer@dimb=\dimen186
)
(/usr/share/texmf/tex/latex/beamer/base/themes/outer/beamerouterthemedefault.st
y
Package: beamerouterthemedefault 2012/10/02  (rcs-revision 5ed0f4010e8a)
))) (/usr/share/texlive/texmf-dist/tex/latex/psnfss/mathptmx.sty
Package: mathptmx 2005/04/12 PSNFSS-v9.2a Times w/ Math, improved (SPQR, WaS) 
LaTeX Font Info:    Redeclaring symbol font `operators' on input line 28.
LaTeX Font Info:    Overwriting symbol font `operators' in version `normal'
(Font)                  OT1/cmr/m/n --> OT1/ztmcm/m/n on input line 28.
LaTeX Font Info:    Overwriting symbol font `operators' in version `bold'
(Font)                  OT1/cmr/bx/n --> OT1/ztmcm/m/n on input line 28.
LaTeX Font Info:    Redeclaring symbol font `letters' on input line 29.
LaTeX Font Info:    Overwriting symbol font `letters' in version `normal'
(Font)                  OML/cmm/m/it --> OML/ztmcm/m/it on input line 29.
LaTeX Font Info:    Overwriting symbol font `letters' in version `bold'
(Font)                  OML/cmm/b/it --> OML/ztmcm/m/it on input line 29.
LaTeX Font Info:    Redeclaring symbol font `symbols' on input line 30.
LaTeX Font Info:    Overwriting symbol font `symbols' in version `normal'
(Font)                  OMS/cmsy/m/n --> OMS/ztmcm/m/n on input line 30.
LaTeX Font Info:    Overwriting symbol font `symbols' in version `bold'
(Font)                  OMS/cmsy/b/n --> OMS/ztmcm/m/n on input line 30.
LaTeX Font Info:    Redeclaring symbol font `largesymbols' on input line 31.
LaTeX Font Info:    Overwriting symbol font `largesymbols' in version `normal'
(Font)                  OMX/cmex/m/n --> OMX/ztmcm/m/n on input line 31.
LaTeX Font Info:    Overwriting symbol font `largesymbols' in version `bold'
(Font)                  OMX/cmex/m/n --> OMX/ztmcm/m/n on input line 31.
\symbold=\mathgroup6
\symitalic=\mathgroup7
LaTeX Font Info:    Redeclaring math alphabet \mathbf on input line 34.
LaTeX Font Info:    Overwriting math alphabet `\mathbf' in version `normal'
(Font)                  OT1/cmr/bx/n --> OT1/ptm/bx/n on input line 34.
LaTeX Font Info:    Overwriting math alphabet `\mathbf' in version `bold'
(Font)                  OT1/cmr/bx/n --> OT1/ptm/bx/n on input line 34.
LaTeX Font Info:    Redeclaring math alphabet \mathit on input line 35.
LaTeX Font Info:    Overwriting math alphabet `\mathit' in version `normal'
(Font)                  OT1/cmr/m/it --> OT1/ptm/m/it on input line 35.
LaTeX Font Info:    Overwriting math alphabet `\mathit' in version `bold'
(Font)                  OT1/cmr/bx/it --> OT1/ptm/m/it on input line 35.
LaTeX Info: Redefining \hbar on input line 50.
)
(/usr/share/texlive/texmf-dist/tex/latex/base/fontenc.sty
Package: fontenc 2005/09/27 v1.99g Standard LaTeX package

(/usr/share/texlive/texmf-dist/tex/latex/base/t1enc.def
File: t1enc.def 2005/09/27 v1.99g Standard LaTeX file
LaTeX Font Info:    Redeclaring font encoding T1 on input line 43.
))
(/usr/share/texlive/texmf-dist/tex/generic/babel/babel.sty
Package: babel 2013/12/03 3.9h The Babel package

(/usr/share/texlive/texmf-dist/tex/generic/babel-english/english.ldf
Language: english 2012/08/20 v3.3p English support from the babel system

(/usr/share/texlive/texmf-dist/tex/generic/babel/babel.def
File: babel.def 2013/12/03 3.9h Babel common definitions
LaTeX Info: Redefining \textlatin on input line 137.
\babel@savecnt=\count154
\U@D=\dimen187
)
\l@british = a dialect from \language\l@english 
\l@UKenglish = a dialect from \language\l@english 
\l@canadian = a dialect from \language\l@american 
\l@australian = a dialect from \language\l@british 
\l@newzealand = a dialect from \language\l@british 
))
(/usr/share/texlive/texmf-dist/tex/generic/ulem/ulem.sty
\UL@box=\box53
\UL@hyphenbox=\box54
\UL@skip=\skip60
\UL@hook=\toks42
\UL@height=\dimen188
\UL@pe=\count155
\UL@pixel=\dimen189
\ULC@box=\box55
Package: ulem 2012/05/18
\ULdepth=\dimen190
)
(/usr/share/texmf/tex/latex/pgf/frontendlayer/tikz.sty
(/usr/share/texmf/tex/latex/pgf/basiclayer/pgf.sty
Package: pgf 2008/01/15 v2.10 (rcs-revision 1.12)

(/usr/share/texmf/tex/generic/pgf/modules/pgfmoduleshapes.code.tex
File: pgfmoduleshapes.code.tex 2010/09/09  (rcs-revision 1.13)
\pgfnodeparttextbox=\box56
)
(/usr/share/texmf/tex/generic/pgf/modules/pgfmoduleplot.code.tex
File: pgfmoduleplot.code.tex 2010/10/22  (rcs-revision 1.8)
)
(/usr/share/texmf/tex/latex/pgf/compatibility/pgfcomp-version-0-65.sty
Package: pgfcomp-version-0-65 2007/07/03 v2.10 (rcs-revision 1.7)
\pgf@nodesepstart=\dimen191
\pgf@nodesepend=\dimen192
)
(/usr/share/texmf/tex/latex/pgf/compatibility/pgfcomp-version-1-18.sty
Package: pgfcomp-version-1-18 2007/07/23 v2.10 (rcs-revision 1.1)
))
(/usr/share/texmf/tex/latex/pgf/utilities/pgffor.sty
(/usr/share/texmf/tex/latex/pgf/utilities/pgfkeys.sty
(/usr/share/texmf/tex/generic/pgf/utilities/pgfkeys.code.tex))
(/usr/share/texmf/tex/generic/pgf/utilities/pgffor.code.tex
Package: pgffor 2010/03/23 v2.10 (rcs-revision 1.18)
\pgffor@iter=\dimen193
\pgffor@skip=\dimen194
\pgffor@stack=\toks43
\pgffor@toks=\toks44
))
(/usr/share/texmf/tex/generic/pgf/frontendlayer/tikz/tikz.code.tex
Package: tikz 2010/10/13 v2.10 (rcs-revision 1.76)

(/usr/share/texmf/tex/generic/pgf/libraries/pgflibraryplothandlers.code.tex
File: pgflibraryplothandlers.code.tex 2010/05/31 v2.10 (rcs-revision 1.15)
\pgf@plot@mark@count=\count156
\pgfplotmarksize=\dimen195
)
\tikz@lastx=\dimen196
\tikz@lasty=\dimen197
\tikz@lastxsaved=\dimen198
\tikz@lastysaved=\dimen199
\tikzleveldistance=\dimen200
\tikzsiblingdistance=\dimen201
\tikz@figbox=\box57
\tikz@tempbox=\box58
\tikztreelevel=\count157
\tikznumberofchildren=\count158
\tikznumberofcurrentchild=\count159
\tikz@fig@count=\count160

(/usr/share/texmf/tex/generic/pgf/modules/pgfmodulematrix.code.tex
File: pgfmodulematrix.code.tex 2010/08/24  (rcs-revision 1.4)
\pgfmatrixcurrentrow=\count161
\pgfmatrixcurrentcolumn=\count162
\pgf@matrix@numberofcolumns=\count163
)
\tikz@expandcount=\count164

(/usr/share/texmf/tex/generic/pgf/frontendlayer/tikz/libraries/tikzlibrarytopat
hs.code.tex
File: tikzlibrarytopaths.code.tex 2008/06/17 v2.10 (rcs-revision 1.2)
)))
(/usr/share/texmf/tex/generic/pgf/frontendlayer/tikz/libraries/tikzlibraryshape
s.code.tex
File: tikzlibraryshapes.code.tex 2008/01/09 v2.10 (rcs-revision 1.1)

(/usr/share/texmf/tex/generic/pgf/frontendlayer/tikz/libraries/tikzlibraryshape
s.geometric.code.tex
File: tikzlibraryshapes.geometric.code.tex 2008/01/09 v2.10 (rcs-revision 1.1)

(/usr/share/texmf/tex/generic/pgf/libraries/shapes/pgflibraryshapes.geometric.c
ode.tex
File: pgflibraryshapes.geometric.code.tex 2008/06/26 v2.10 (rcs-revision 1.1)
))
(/usr/share/texmf/tex/generic/pgf/frontendlayer/tikz/libraries/tikzlibraryshape
s.misc.code.tex
File: tikzlibraryshapes.misc.code.tex 2008/01/09 v2.10 (rcs-revision 1.1)

(/usr/share/texmf/tex/generic/pgf/libraries/shapes/pgflibraryshapes.misc.code.t
ex
File: pgflibraryshapes.misc.code.tex 2008/10/07 v2.10 (rcs-revision 1.3)
))
(/usr/share/texmf/tex/generic/pgf/frontendlayer/tikz/libraries/tikzlibraryshape
s.symbols.code.tex
File: tikzlibraryshapes.symbols.code.tex 2008/01/09 v2.10 (rcs-revision 1.1)

(/usr/share/texmf/tex/generic/pgf/libraries/shapes/pgflibraryshapes.symbols.cod
e.tex
File: pgflibraryshapes.symbols.code.tex 2009/10/27 v2.10 (rcs-revision 1.3)
))
(/usr/share/texmf/tex/generic/pgf/frontendlayer/tikz/libraries/tikzlibraryshape
s.arrows.code.tex
File: tikzlibraryshapes.arrows.code.tex 2008/01/09 v2.10 (rcs-revision 1.1)

(/usr/share/texmf/tex/generic/pgf/libraries/shapes/pgflibraryshapes.arrows.code
.tex
File: pgflibraryshapes.arrows.code.tex 2008/06/26 v2.10 (rcs-revision 1.1)
))
(/usr/share/texmf/tex/generic/pgf/frontendlayer/tikz/libraries/tikzlibraryshape
s.callouts.code.tex
(/usr/share/texmf/tex/generic/pgf/libraries/shapes/pgflibraryshapes.callouts.co
de.tex))
(/usr/share/texmf/tex/generic/pgf/frontendlayer/tikz/libraries/tikzlibraryshape
s.multipart.code.tex
File: tikzlibraryshapes.multipart.code.tex 2008/01/09 v2.10 (rcs-revision 1.1)

(/usr/share/texmf/tex/generic/pgf/libraries/shapes/pgflibraryshapes.multipart.c
ode.tex
File: pgflibraryshapes.multipart.code.tex 2010/01/07 v2.10 (rcs-revision 1.2)
\pgfnodepartlowerbox=\box59
\pgfnodeparttwobox=\box60
\pgfnodepartthreebox=\box61
\pgfnodepartfourbox=\box62
\pgfnodeparttwentybox=\box63
\pgfnodepartnineteenbox=\box64
\pgfnodeparteighteenbox=\box65
\pgfnodepartseventeenbox=\box66
\pgfnodepartsixteenbox=\box67
\pgfnodepartfifteenbox=\box68
\pgfnodepartfourteenbox=\box69
\pgfnodepartthirteenbox=\box70
\pgfnodeparttwelvebox=\box71
\pgfnodepartelevenbox=\box72
\pgfnodeparttenbox=\box73
\pgfnodepartninebox=\box74
\pgfnodeparteightbox=\box75
\pgfnodepartsevenbox=\box76
\pgfnodepartsixbox=\box77
\pgfnodepartfivebox=\box78
))) (/usr/share/texlive/texmf-dist/tex/latex/fancyvrb/fancyvrb.sty
Package: fancyvrb 2008/02/07

Style option: `fancyvrb' v2.7a, with DG/SPQR fixes, and firstline=lastline fix 
<2008/02/07> (tvz)
\FV@CodeLineNo=\count165
\FV@InFile=\read2
\FV@TabBox=\box79
\c@FancyVerbLine=\count166
\FV@StepNumber=\count167
\FV@OutFile=\write5
)
(/usr/share/texlive/texmf-dist/tex/latex/setspace/setspace.sty
Package: setspace 2011/12/19 v6.7a set line spacing
)
(/usr/share/texlive/texmf-dist/tex/latex/psnfss/pifont.sty
Package: pifont 2005/04/12 PSNFSS-v9.2a Pi font support (SPQR) 
LaTeX Font Info:    Try loading font information for U+pzd on input line 63.

(/usr/share/texlive/texmf-dist/tex/latex/psnfss/upzd.fd
File: upzd.fd 2001/06/04 font definitions for U/pzd.
)
LaTeX Font Info:    Try loading font information for U+psy on input line 64.

(/usr/share/texlive/texmf-dist/tex/latex/psnfss/upsy.fd
File: upsy.fd 2001/06/04 font definitions for U/psy.
))
(/usr/share/texlive/texmf-dist/tex/latex/subfig/subfig.sty
Package: subfig 2005/06/28 ver: 1.3 subfig package

(/usr/share/texlive/texmf-dist/tex/latex/caption/caption3.sty
Package: caption3 2013/05/02 v1.6-88 caption3 kernel (AR)
Package caption3 Info: TeX engine: e-TeX on input line 57.
\captionmargin=\dimen202
\captionmargin@=\dimen203
\captionwidth=\dimen204
\caption@tempdima=\dimen205
\caption@indent=\dimen206
\caption@parindent=\dimen207
\caption@hangindent=\dimen208
)
\c@KVtest=\count168
\sf@farskip=\skip61
\sf@captopadj=\dimen209
\sf@capskip=\skip62
\sf@nearskip=\skip63
\c@subfigure=\count169
\c@subfigure@save=\count170
\c@depth=\count171
\c@subtable=\count172
\c@subtable@save=\count173
\sf@top=\skip64
\sf@bottom=\skip65
)
(/usr/share/texmf/tex/latex/pgf/compatibility/pgflibraryshapes.sty

Package pgf Warning: This package is obsolete. Use \usetikzlibrary {shapes} ins
tead on input line 12.

(/usr/share/texmf/tex/generic/pgf/libraries/shapes/pgflibraryshapes.code.tex
File: pgflibraryshapes.code.tex 2008/06/26 v2.10 (rcs-revision 1.1)
))
(/usr/share/texmf/tex/latex/pgf/compatibility/pgflibraryarrows.sty

Package pgf Warning: This package is obsolete. Use \usetikzlibrary {arrows} ins
tead on input line 10.

(/usr/share/texmf/tex/generic/pgf/libraries/pgflibraryarrows.code.tex
File: pgflibraryarrows.code.tex 2008/10/27 v2.10 (rcs-revision 1.9)
\arrowsize=\dimen210
))
(/usr/share/texmf/tex/generic/pgf/frontendlayer/tikz/libraries/tikzlibrarydecor
ations.text.code.tex
(/usr/share/texmf/tex/generic/pgf/frontendlayer/tikz/libraries/tikzlibrarydecor
ations.code.tex
(/usr/share/texmf/tex/generic/pgf/modules/pgfmoduledecorations.code.tex
\pgfdecoratedcompleteddistance=\dimen211
\pgfdecoratedremainingdistance=\dimen212
\pgfdecoratedinputsegmentcompleteddistance=\dimen213
\pgfdecoratedinputsegmentremainingdistance=\dimen214
\pgf@decorate@distancetomove=\dimen215
\pgf@decorate@repeatstate=\count174
\pgfdecorationsegmentamplitude=\dimen216
\pgfdecorationsegmentlength=\dimen217
)
\tikz@lib@dec@box=\box80
)
(/usr/share/texmf/tex/generic/pgf/libraries/decorations/pgflibrarydecorations.t
ext.code.tex
\pgf@lib@dec@text@box=\box81
))
(/usr/share/texmf/tex/generic/pgf/frontendlayer/tikz/libraries/tikzlibrarydecor
ations.pathreplacing.code.tex
(/usr/share/texmf/tex/generic/pgf/libraries/decorations/pgflibrarydecorations.p
athreplacing.code.tex))
(/usr/share/texmf/tex/latex/beamer/base/themes/theme/beamerthemeMadrid.sty
Package: beamerthemeMadrid 2010/06/17  (rcs-revision d02a7cf4d8ae)

(/usr/share/texmf/tex/latex/beamer/base/themes/color/beamercolorthemewhale.sty
Package: beamercolorthemewhale 2010/06/17  (rcs-revision d02a7cf4d8ae)
)
(/usr/share/texmf/tex/latex/beamer/base/themes/color/beamercolorthemeorchid.sty
Package: beamercolorthemeorchid 2010/06/17  (rcs-revision d02a7cf4d8ae)
)
(/usr/share/texmf/tex/latex/beamer/base/themes/inner/beamerinnerthemerounded.st
y
Package: beamerinnerthemerounded 2010/06/17  (rcs-revision d02a7cf4d8ae)
)
(/usr/share/texmf/tex/latex/beamer/base/themes/outer/beamerouterthemeinfolines.
sty
Package: beamerouterthemeinfolines 2012/10/16  (rcs-revision 51a8c72084af)
)) (/usr/share/texlive/texmf-dist/tex/latex/textpos/textpos.sty
Package: textpos 2014/01/03 v1.7j

Package: textpos 2014/01/03 1.7j, absolute positioning of text on the page
\TP@textbox=\box82
\TP@holdbox=\box83
\TPHorizModule=\dimen218
\TPVertModule=\dimen219
\TP@margin=\dimen220
\TP@absmargin=\dimen221
Grid set 16 x 16 = 22.7622pt x 17.07166pt
\TPboxrulesize=\dimen222
\TP@ox=\dimen223
\TP@oy=\dimen224
\TP@tbargs=\toks45
\TP@prevdepth=\dimen225
TextBlockOrigin set to 0pt x 0pt
) (./defense.aux)
\openout1 = `defense.aux'.

LaTeX Font Info:    Checking defaults for OML/cmm/m/it on input line 162.
LaTeX Font Info:    ... okay on input line 162.
LaTeX Font Info:    Checking defaults for T1/cmr/m/n on input line 162.
LaTeX Font Info:    ... okay on input line 162.
LaTeX Font Info:    Checking defaults for OT1/cmr/m/n on input line 162.
LaTeX Font Info:    ... okay on input line 162.
LaTeX Font Info:    Checking defaults for OMS/cmsy/m/n on input line 162.
LaTeX Font Info:    ... okay on input line 162.
LaTeX Font Info:    Checking defaults for OMX/cmex/m/n on input line 162.
LaTeX Font Info:    ... okay on input line 162.
LaTeX Font Info:    Checking defaults for U/cmr/m/n on input line 162.
LaTeX Font Info:    ... okay on input line 162.
LaTeX Font Info:    Checking defaults for PD1/pdf/m/n on input line 162.
LaTeX Font Info:    ... okay on input line 162.

*geometry* driver: auto-detecting
*geometry* detected driver: pdftex
*geometry* verbose mode - [ preamble ] result:
* driver: pdftex
* paper: custom
* layout: <same size as paper>
* layoutoffset:(h,v)=(0.0pt,0.0pt)
* modes: includehead includefoot 
* h-part:(L,W,R)=(10.88002pt, 342.43532pt, 10.88002pt)
* v-part:(T,H,B)=(0.0pt, 273.14662pt, 0.0pt)
* \paperwidth=364.19536pt
* \paperheight=273.14662pt
* \textwidth=342.43532pt
* \textheight=244.6939pt
* \oddsidemargin=-61.38997pt
* \evensidemargin=-61.38997pt
* \topmargin=-72.26999pt
* \headheight=14.22636pt
* \headsep=0.0pt
* \topskip=11.0pt
* \footskip=14.22636pt
* \marginparwidth=4.0pt
* \marginparsep=10.0pt
* \columnsep=10.0pt
* \skip\footins=10.0pt plus 4.0pt minus 2.0pt
* \hoffset=0.0pt
* \voffset=0.0pt
* \mag=1000
* \@twocolumnfalse
* \@twosidefalse
* \@mparswitchfalse
* \@reversemarginfalse
* (1in=72.27pt=25.4mm, 1cm=28.453pt)

(/usr/share/texlive/texmf-dist/tex/context/base/supp-pdf.mkii
[Loading MPS to PDF converter (version 2006.09.02).]
\scratchcounter=\count175
\scratchdimen=\dimen226
\scratchbox=\box84
\nofMPsegments=\count176
\nofMParguments=\count177
\everyMPshowfont=\toks46
\MPscratchCnt=\count178
\MPscratchDim=\dimen227
\MPnumerator=\count179
\makeMPintoPDFobject=\count180
\everyMPtoPDFconversion=\toks47
) (/usr/share/texlive/texmf-dist/tex/latex/oberdiek/epstopdf-base.sty
Package: epstopdf-base 2010/02/09 v2.5 Base part for package epstopdf

(/usr/share/texlive/texmf-dist/tex/latex/oberdiek/grfext.sty
Package: grfext 2010/08/19 v1.1 Manage graphics extensions (HO)
)
Package grfext Info: Graphics extension search list:
(grfext)             [.png,.pdf,.jpg,.mps,.jpeg,.jbig2,.jb2,.PNG,.PDF,.JPG,.JPE
G,.JBIG2,.JB2,.eps]
(grfext)             \AppendGraphicsExtensions on input line 452.

(/usr/share/texlive/texmf-dist/tex/latex/latexconfig/epstopdf-sys.cfg
File: epstopdf-sys.cfg 2010/07/13 v1.3 Configuration of (r)epstopdf for TeX Liv
e
))
ABD: EveryShipout initializing macros
\AtBeginShipoutBox=\box85
Package hyperref Info: Link coloring OFF on input line 162.

(/usr/share/texlive/texmf-dist/tex/latex/hyperref/nameref.sty
Package: nameref 2012/10/27 v2.43 Cross-referencing by name of section

(/usr/share/texlive/texmf-dist/tex/generic/oberdiek/gettitlestring.sty
Package: gettitlestring 2010/12/03 v1.4 Cleanup title references (HO)
)
\c@section@level=\count181
)
LaTeX Info: Redefining \ref on input line 162.
LaTeX Info: Redefining \pageref on input line 162.
LaTeX Info: Redefining \nameref on input line 162.

(./defense.out) (./defense.out)
\@outlinefile=\write6
\openout6 = `defense.out'.

LaTeX Font Info:    Overwriting symbol font `operators' in version `normal'
(Font)                  OT1/ztmcm/m/n --> OT1/cmss/m/n on input line 162.
LaTeX Font Info:    Overwriting symbol font `operators' in version `bold'
(Font)                  OT1/ztmcm/m/n --> OT1/cmss/bx/n on input line 162.
\symnumbers=\mathgroup8
\sympureletters=\mathgroup9
LaTeX Font Info:    Overwriting math alphabet `\mathrm' in version `normal'
(Font)                  OT1/cmss/m/n --> T1/ptm/m/n on input line 162.
LaTeX Font Info:    Redeclaring math alphabet \mathbf on input line 162.
LaTeX Font Info:    Overwriting math alphabet `\mathbf' in version `normal'
(Font)                  OT1/ptm/bx/n --> T1/cmss/bx/n on input line 162.
LaTeX Font Info:    Overwriting math alphabet `\mathbf' in version `bold'
(Font)                  OT1/ptm/bx/n --> T1/cmss/bx/n on input line 162.
LaTeX Font Info:    Redeclaring math alphabet \mathsf on input line 162.
LaTeX Font Info:    Overwriting math alphabet `\mathsf' in version `normal'
(Font)                  OT1/cmss/m/n --> T1/cmss/m/n on input line 162.
LaTeX Font Info:    Overwriting math alphabet `\mathsf' in version `bold'
(Font)                  OT1/cmss/bx/n --> T1/cmss/m/n on input line 162.
LaTeX Font Info:    Redeclaring math alphabet \mathit on input line 162.
LaTeX Font Info:    Overwriting math alphabet `\mathit' in version `normal'
(Font)                  OT1/ptm/m/it --> T1/cmss/m/it on input line 162.
LaTeX Font Info:    Overwriting math alphabet `\mathit' in version `bold'
(Font)                  OT1/ptm/m/it --> T1/cmss/m/it on input line 162.
LaTeX Font Info:    Redeclaring math alphabet \mathtt on input line 162.
LaTeX Font Info:    Overwriting math alphabet `\mathtt' in version `normal'
(Font)                  OT1/cmtt/m/n --> T1/cmtt/m/n on input line 162.
LaTeX Font Info:    Overwriting math alphabet `\mathtt' in version `bold'
(Font)                  OT1/cmtt/m/n --> T1/cmtt/m/n on input line 162.
LaTeX Font Info:    Overwriting symbol font `numbers' in version `bold'
(Font)                  T1/cmss/m/n --> T1/cmss/bx/n on input line 162.
LaTeX Font Info:    Overwriting symbol font `pureletters' in version `bold'
(Font)                  T1/cmss/m/it --> T1/cmss/bx/it on input line 162.
LaTeX Font Info:    Overwriting math alphabet `\mathrm' in version `bold'
(Font)                  OT1/cmss/bx/n --> T1/ptm/bx/n on input line 162.
LaTeX Font Info:    Overwriting math alphabet `\mathbf' in version `bold'
(Font)                  T1/cmss/bx/n --> T1/cmss/bx/n on input line 162.
LaTeX Font Info:    Overwriting math alphabet `\mathsf' in version `bold'
(Font)                  T1/cmss/m/n --> T1/cmss/bx/n on input line 162.
LaTeX Font Info:    Overwriting math alphabet `\mathit' in version `bold'
(Font)                  T1/cmss/m/it --> T1/cmss/bx/it on input line 162.
LaTeX Font Info:    Overwriting math alphabet `\mathtt' in version `bold'
(Font)                  T1/cmtt/m/n --> T1/cmtt/bx/n on input line 162.

(/usr/share/texmf/tex/latex/beamer/base/translator/dicts/translator-basic-dicti
onary/translator-basic-dictionary-English.dict
Dictionary: translator-basic-dictionary, Language: English 
)
(/usr/share/texmf/tex/latex/beamer/base/translator/dicts/translator-bibliograph
y-dictionary/translator-bibliography-dictionary-English.dict
Dictionary: translator-bibliography-dictionary, Language: English 
)
(/usr/share/texmf/tex/latex/beamer/base/translator/dicts/translator-environment
-dictionary/translator-environment-dictionary-English.dict
Dictionary: translator-environment-dictionary, Language: English 
)
(/usr/share/texmf/tex/latex/beamer/base/translator/dicts/translator-months-dict
ionary/translator-months-dictionary-English.dict
Dictionary: translator-months-dictionary, Language: English 
)
(/usr/share/texmf/tex/latex/beamer/base/translator/dicts/translator-numbers-dic
tionary/translator-numbers-dictionary-English.dict
Dictionary: translator-numbers-dictionary, Language: English 
)
(/usr/share/texmf/tex/latex/beamer/base/translator/dicts/translator-theorem-dic
tionary/translator-theorem-dictionary-English.dict
Dictionary: translator-theorem-dictionary, Language: English 
)
LaTeX Info: Redefining \includegraphics on input line 162.
Package caption Info: Begin \AtBeginDocument code.
Package caption Info: subfig package v1.3 is loaded.
Package caption Info: End \AtBeginDocument code.
 (./defense.nav)

Package hyperref Warning: Option `pdfauthor' has already been used,
(hyperref)                setting the option has no effect on input line 165.


Package hyperref Warning: Option `pdfsubject' has already been used,
(hyperref)                setting the option has no effect on input line 169.


LaTeX Font Warning: Font shape `T1/cmss/m/n' in size <4> not available
(Font)              size <5> substituted on input line 174.

[1

{/var/lib/texmf/fonts/map/pdftex/updmap/pdftex.map}]
LaTeX Font Info:    Try loading font information for OML+ztmcm on input line 23
2.

(/usr/share/texlive/texmf-dist/tex/latex/psnfss/omlztmcm.fd
File: omlztmcm.fd 2000/01/03 Fontinst v1.801 font definitions for OML/ztmcm.
)
LaTeX Font Info:    Try loading font information for OMS+ztmcm on input line 23
2.

(/usr/share/texlive/texmf-dist/tex/latex/psnfss/omsztmcm.fd
File: omsztmcm.fd 2000/01/03 Fontinst v1.801 font definitions for OMS/ztmcm.
)
LaTeX Font Info:    Try loading font information for OMX+ztmcm on input line 23
2.

(/usr/share/texlive/texmf-dist/tex/latex/psnfss/omxztmcm.fd
File: omxztmcm.fd 2000/01/03 Fontinst v1.801 font definitions for OMX/ztmcm.
)
LaTeX Font Info:    Try loading font information for OT1+ptm on input line 232.


(/usr/share/texlive/texmf-dist/tex/latex/psnfss/ot1ptm.fd
File: ot1ptm.fd 2001/06/04 font definitions for OT1/ptm.
)
LaTeX Font Info:    Font shape `OT1/ptm/bx/n' in size <10.95> not available
(Font)              Font shape `OT1/ptm/b/n' tried instead on input line 232.
LaTeX Font Info:    Font shape `OT1/ptm/bx/n' in size <8> not available
(Font)              Font shape `OT1/ptm/b/n' tried instead on input line 232.
LaTeX Font Info:    Font shape `OT1/ptm/bx/n' in size <6> not available
(Font)              Font shape `OT1/ptm/b/n' tried instead on input line 232.

<arescue-figures/ElectricGrid.jpg, id=107, 376.40625pt x 501.875pt>
File: arescue-figures/ElectricGrid.jpg Graphic file (type jpg)

<use arescue-figures/ElectricGrid.jpg>
Package pdftex.def Info: arescue-figures/ElectricGrid.jpg used on input line 23
2.
(pdftex.def)             Requested size: 56.4585pt x 75.278pt.

<arescue-figures/Bangalore-Public-Transport.jpg, id=108, 2569.6pt x 1927.2pt>
File: arescue-figures/Bangalore-Public-Transport.jpg Graphic file (type jpg)

<use arescue-figures/Bangalore-Public-Transport.jpg>
Package pdftex.def Info: arescue-figures/Bangalore-Public-Transport.jpg used on
 input line 232.
(pdftex.def)             Requested size: 89.94519pt x 67.4589pt.

<arescue-figures/cloud.jpg, id=109, 301.125pt x 301.125pt>
File: arescue-figures/cloud.jpg Graphic file (type jpg)

<use arescue-figures/cloud.jpg>
Package pdftex.def Info: arescue-figures/cloud.jpg used on input line 232.
(pdftex.def)             Requested size: 105.39532pt x 105.39532pt.
 [2

 <./arescue-figures/ElectricGrid.jpg> <./arescue-figures/Bangalore-Public-Trans
port.jpg> <./arescue-figures/cloud.jpg>]
File: arescue-figures/ElectricGrid.jpg Graphic file (type jpg)

<use arescue-figures/ElectricGrid.jpg>
Package pdftex.def Info: arescue-figures/ElectricGrid.jpg used on input line 23
2.
(pdftex.def)             Requested size: 56.4585pt x 75.278pt.
File: arescue-figures/Bangalore-Public-Transport.jpg Graphic file (type jpg)

<use arescue-figures/Bangalore-Public-Transport.jpg>
Package pdftex.def Info: arescue-figures/Bangalore-Public-Transport.jpg used on
 input line 232.
(pdftex.def)             Requested size: 89.94519pt x 67.4589pt.
File: arescue-figures/cloud.jpg Graphic file (type jpg)

<use arescue-figures/cloud.jpg>
Package pdftex.def Info: arescue-figures/cloud.jpg used on input line 232.
(pdftex.def)             Requested size: 105.39532pt x 105.39532pt.
 [3

]
<presyn-figures/resource-types.pdf, id=174, 360.34625pt x 351.3125pt>
File: presyn-figures/resource-types.pdf Graphic file (type pdf)

<use presyn-figures/resource-types.pdf>
Package pdftex.def Info: presyn-figures/resource-types.pdf used on input line 3
70.
(pdftex.def)             Requested size: 162.15431pt x 158.08916pt.

Overfull \vbox (0.50125pt too high) detected at line 370
 []

[4

 <./presyn-figures/resource-types.pdf>]
File: presyn-figures/resource-types.pdf Graphic file (type pdf)

<use presyn-figures/resource-types.pdf>
Package pdftex.def Info: presyn-figures/resource-types.pdf used on input line 3
70.
(pdftex.def)             Requested size: 162.15431pt x 158.08916pt.

Overfull \vbox (27.70126pt too high) detected at line 370
 []

[5

]
Overfull \vbox (0.60362pt too high) detected at line 419
 []

[6

]
LaTeX Font Info:    Try loading font information for T1+cmtt on input line 450.

 (/usr/share/texlive/texmf-dist/tex/latex/base/t1cmtt.fd
File: t1cmtt.fd 1999/05/25 v2.5h Standard LaTeX font definitions
) [7

]
<arescue-figures/disp-to-colo.pdf, id=297, 539.01375pt x 132.495pt>
File: arescue-figures/disp-to-colo.pdf Graphic file (type pdf)

<use arescue-figures/disp-to-colo.pdf>
Package pdftex.def Info: arescue-figures/disp-to-colo.pdf used on input line 49
4.
(pdftex.def)             Requested size: 188.65762pt x 46.37393pt.

<arescue-figures/colo-to-disp.pdf, id=298, 539.01375pt x 132.495pt>
File: arescue-figures/colo-to-disp.pdf Graphic file (type pdf)

<use arescue-figures/colo-to-disp.pdf>
Package pdftex.def Info: arescue-figures/colo-to-disp.pdf used on input line 49
4.
(pdftex.def)             Requested size: 188.65762pt x 46.37393pt.
 [8

 <./arescue-figures/disp-to-colo.pdf> <./arescue-figures/colo-to-disp.pdf>]
Overfull \vbox (5.55756pt too high) detected at line 543
 []

[9

] <arescue-figures/xenimpl.pdf, id=364, 309.155pt x 129.48375pt>
File: arescue-figures/xenimpl.pdf Graphic file (type pdf)

<use arescue-figures/xenimpl.pdf>
Package pdftex.def Info: arescue-figures/xenimpl.pdf used on input line 600.
(pdftex.def)             Requested size: 262.78297pt x 110.06169pt.
 [10

 <./arescue-figures/xenimpl.pdf>]
Package epstopdf Info: Source file: <arescue-figures/aff-benchmark/domU-cpu-vs-
affine-rx-curve.eps>
(epstopdf)                    date: 2017-12-31 19:29:13
(epstopdf)                    size: 20995 bytes
(epstopdf)             Output file: <arescue-figures/aff-benchmark/domU-cpu-vs-
affine-rx-curve-eps-converted-to.pdf>
(epstopdf)                    date: 2017-12-31 19:53:19
(epstopdf)                    size: 8226 bytes
(epstopdf)             Command: <repstopdf --outfile=arescue-figures/aff-benchm
ark/domU-cpu-vs-affine-rx-curve-eps-converted-to.pdf arescue-figures/aff-benchm
ark/domU-cpu-vs-affine-rx-curve.eps>
(epstopdf)             \includegraphics on input line 641.
Package epstopdf Info: Output file is already uptodate.

<arescue-figures/aff-benchmark/domU-cpu-vs-affine-rx-curve-eps-converted-to.pdf
, id=394, 271.0125pt x 88.33pt>
File: arescue-figures/aff-benchmark/domU-cpu-vs-affine-rx-curve-eps-converted-t
o.pdf Graphic file (type pdf)

<use arescue-figures/aff-benchmark/domU-cpu-vs-affine-rx-curve-eps-converted-to
.pdf>
Package pdftex.def Info: arescue-figures/aff-benchmark/domU-cpu-vs-affine-rx-cu
rve-eps-converted-to.pdf used on input line 641.
(pdftex.def)             Requested size: 176.15602pt x 57.4138pt.

Overfull \hbox (4.93837pt too wide) in paragraph at lines 641--641
[][]  
 []

Package epstopdf Info: Source file: <arescue-figures/aff-benchmark/domU-cpu-vs-
affine-tx-curve.eps>
(epstopdf)                    date: 2017-12-31 19:29:13
(epstopdf)                    size: 21176 bytes
(epstopdf)             Output file: <arescue-figures/aff-benchmark/domU-cpu-vs-
affine-tx-curve-eps-converted-to.pdf>
(epstopdf)                    date: 2017-12-31 19:29:16
(epstopdf)                    size: 8169 bytes
(epstopdf)             Command: <repstopdf --outfile=arescue-figures/aff-benchm
ark/domU-cpu-vs-affine-tx-curve-eps-converted-to.pdf arescue-figures/aff-benchm
ark/domU-cpu-vs-affine-tx-curve.eps>
(epstopdf)             \includegraphics on input line 641.
Package epstopdf Info: Output file is already uptodate.

<arescue-figures/aff-benchmark/domU-cpu-vs-affine-tx-curve-eps-converted-to.pdf
, id=395, 271.0125pt x 88.33pt>
File: arescue-figures/aff-benchmark/domU-cpu-vs-affine-tx-curve-eps-converted-t
o.pdf Graphic file (type pdf)

<use arescue-figures/aff-benchmark/domU-cpu-vs-affine-tx-curve-eps-converted-to
.pdf>
Package pdftex.def Info: arescue-figures/aff-benchmark/domU-cpu-vs-affine-tx-cu
rve-eps-converted-to.pdf used on input line 641.
(pdftex.def)             Requested size: 176.15602pt x 57.4138pt.
Package epstopdf Info: Source file: <arescue-figures/aff-benchmark/dom0-cpu-vs-
affine-curve.eps>
(epstopdf)                    date: 2017-12-31 19:29:35
(epstopdf)                    size: 21038 bytes
(epstopdf)             Output file: <arescue-figures/aff-benchmark/dom0-cpu-vs-
affine-curve-eps-converted-to.pdf>
(epstopdf)                    date: 2017-12-31 19:53:19
(epstopdf)                    size: 8593 bytes
(epstopdf)             Command: <repstopdf --outfile=arescue-figures/aff-benchm
ark/dom0-cpu-vs-affine-curve-eps-converted-to.pdf arescue-figures/aff-benchmark
/dom0-cpu-vs-affine-curve.eps>
(epstopdf)             \includegraphics on input line 641.
Package epstopdf Info: Output file is already uptodate.

<arescue-figures/aff-benchmark/dom0-cpu-vs-affine-curve-eps-converted-to.pdf, i
d=396, 271.0125pt x 88.33pt>
File: arescue-figures/aff-benchmark/dom0-cpu-vs-affine-curve-eps-converted-to.p
df Graphic file (type pdf)

<use arescue-figures/aff-benchmark/dom0-cpu-vs-affine-curve-eps-converted-to.pd
f>
Package pdftex.def Info: arescue-figures/aff-benchmark/dom0-cpu-vs-affine-curve
-eps-converted-to.pdf used on input line 641.
(pdftex.def)             Requested size: 176.15602pt x 57.4138pt.

Overfull \hbox (4.93837pt too wide) in paragraph at lines 641--641
[][]  
 []

[11

 <./arescue-figures/aff-benchmark/domU-cpu-vs-affine-rx-curve-eps-converted-to.
pdf> <./arescue-figures/aff-benchmark/domU-cpu-vs-affine-tx-curve-eps-converted
-to.pdf> <./arescue-figures/aff-benchmark/dom0-cpu-vs-affine-curve-eps-converte
d-to.pdf>] [12

]
<figures/dom1-app-traces.pdf, id=466, 408.52625pt x 329.23pt>
File: figures/dom1-app-traces.pdf Graphic file (type pdf)

<use figures/dom1-app-traces.pdf>
Package pdftex.def Info: figures/dom1-app-traces.pdf used on input line 771.
(pdftex.def)             Requested size: 122.55882pt x 98.76976pt.

<figures/virtual-app-traces.pdf, id=467, 408.52625pt x 337.26pt>
File: figures/virtual-app-traces.pdf Graphic file (type pdf)

<use figures/virtual-app-traces.pdf>
Package pdftex.def Info: figures/virtual-app-traces.pdf used on input line 771.

(pdftex.def)             Requested size: 122.55882pt x 101.17877pt.

Overfull \vbox (5.7818pt too high) detected at line 771
 []

[13

 <./figures/dom1-app-traces.pdf> <./figures/virtual-app-traces.pdf>]
LaTeX Font Info:    Font shape `OT1/ptm/bx/n' in size <10> not available
(Font)              Font shape `OT1/ptm/b/n' tried instead on input line 822.
LaTeX Font Info:    Font shape `OT1/ptm/bx/n' in size <7.4> not available
(Font)              Font shape `OT1/ptm/b/n' tried instead on input line 822.

[14

]
Package epstopdf Info: Source file: <arescue-figures/synthetic-cdf-plots/dom0-f
orward-unseen-cdf-robust.eps>
(epstopdf)                    date: 2017-12-31 19:32:05
(epstopdf)                    size: 25280 bytes
(epstopdf)             Output file: <arescue-figures/synthetic-cdf-plots/dom0-f
orward-unseen-cdf-robust-eps-converted-to.pdf>
(epstopdf)                    date: 2017-12-31 19:32:08
(epstopdf)                    size: 12765 bytes
(epstopdf)             Command: <repstopdf --outfile=arescue-figures/synthetic-
cdf-plots/dom0-forward-unseen-cdf-robust-eps-converted-to.pdf arescue-figures/s
ynthetic-cdf-plots/dom0-forward-unseen-cdf-robust.eps>
(epstopdf)             \includegraphics on input line 863.
Package epstopdf Info: Output file is already uptodate.

<arescue-figures/synthetic-cdf-plots/dom0-forward-unseen-cdf-robust-eps-convert
ed-to.pdf, id=534, 271.0125pt x 189.70876pt>
File: arescue-figures/synthetic-cdf-plots/dom0-forward-unseen-cdf-robust-eps-co
nverted-to.pdf Graphic file (type pdf)

<use arescue-figures/synthetic-cdf-plots/dom0-forward-unseen-cdf-robust-eps-con
verted-to.pdf>
Package pdftex.def Info: arescue-figures/synthetic-cdf-plots/dom0-forward-unsee
n-cdf-robust-eps-converted-to.pdf used on input line 863.
(pdftex.def)             Requested size: 142.26714pt x 113.81165pt.
Package epstopdf Info: Source file: <arescue-figures/synthetic-cdf-plots/dom0-r
everse-unseen-cdf-robust.eps>
(epstopdf)                    date: 2017-12-31 19:32:06
(epstopdf)                    size: 28812 bytes
(epstopdf)             Output file: <arescue-figures/synthetic-cdf-plots/dom0-r
everse-unseen-cdf-robust-eps-converted-to.pdf>
(epstopdf)                    date: 2017-12-31 19:32:08
(epstopdf)                    size: 17859 bytes
(epstopdf)             Command: <repstopdf --outfile=arescue-figures/synthetic-
cdf-plots/dom0-reverse-unseen-cdf-robust-eps-converted-to.pdf arescue-figures/s
ynthetic-cdf-plots/dom0-reverse-unseen-cdf-robust.eps>
(epstopdf)             \includegraphics on input line 863.
Package epstopdf Info: Output file is already uptodate.

<arescue-figures/synthetic-cdf-plots/dom0-reverse-unseen-cdf-robust-eps-convert
ed-to.pdf, id=535, 271.0125pt x 189.70876pt>
File: arescue-figures/synthetic-cdf-plots/dom0-reverse-unseen-cdf-robust-eps-co
nverted-to.pdf Graphic file (type pdf)

<use arescue-figures/synthetic-cdf-plots/dom0-reverse-unseen-cdf-robust-eps-con
verted-to.pdf>
Package pdftex.def Info: arescue-figures/synthetic-cdf-plots/dom0-reverse-unsee
n-cdf-robust-eps-converted-to.pdf used on input line 863.
(pdftex.def)             Requested size: 142.26714pt x 113.81165pt.
 [15

 <./arescue-figures/synthetic-cdf-plots/dom0-forward-unseen-cdf-robust-eps-conv
erted-to.pdf> <./arescue-figures/synthetic-cdf-plots/dom0-reverse-unseen-cdf-ro
bust-eps-converted-to.pdf>]
Package epstopdf Info: Source file: <arescue-figures/synthetic-cdf-plots/dom0-f
orward-unseen-cdf-robust.eps>
(epstopdf)                    date: 2017-12-31 19:32:05
(epstopdf)                    size: 25280 bytes
(epstopdf)             Output file: <arescue-figures/synthetic-cdf-plots/dom0-f
orward-unseen-cdf-robust-eps-converted-to.pdf>
(epstopdf)                    date: 2017-12-31 19:32:08
(epstopdf)                    size: 12765 bytes
(epstopdf)             Command: <repstopdf --outfile=arescue-figures/synthetic-
cdf-plots/dom0-forward-unseen-cdf-robust-eps-converted-to.pdf arescue-figures/s
ynthetic-cdf-plots/dom0-forward-unseen-cdf-robust.eps>
(epstopdf)             \includegraphics on input line 863.
Package epstopdf Info: Output file is already uptodate.
File: arescue-figures/synthetic-cdf-plots/dom0-forward-unseen-cdf-robust-eps-co
nverted-to.pdf Graphic file (type pdf)

<use arescue-figures/synthetic-cdf-plots/dom0-forward-unseen-cdf-robust-eps-con
verted-to.pdf>
Package pdftex.def Info: arescue-figures/synthetic-cdf-plots/dom0-forward-unsee
n-cdf-robust-eps-converted-to.pdf used on input line 863.
(pdftex.def)             Requested size: 142.26714pt x 113.81165pt.
Package epstopdf Info: Source file: <arescue-figures/synthetic-cdf-plots/dom0-r
everse-unseen-cdf-robust.eps>
(epstopdf)                    date: 2017-12-31 19:32:06
(epstopdf)                    size: 28812 bytes
(epstopdf)             Output file: <arescue-figures/synthetic-cdf-plots/dom0-r
everse-unseen-cdf-robust-eps-converted-to.pdf>
(epstopdf)                    date: 2017-12-31 19:32:08
(epstopdf)                    size: 17859 bytes
(epstopdf)             Command: <repstopdf --outfile=arescue-figures/synthetic-
cdf-plots/dom0-reverse-unseen-cdf-robust-eps-converted-to.pdf arescue-figures/s
ynthetic-cdf-plots/dom0-reverse-unseen-cdf-robust.eps>
(epstopdf)             \includegraphics on input line 863.
Package epstopdf Info: Output file is already uptodate.
File: arescue-figures/synthetic-cdf-plots/dom0-reverse-unseen-cdf-robust-eps-co
nverted-to.pdf Graphic file (type pdf)

<use arescue-figures/synthetic-cdf-plots/dom0-reverse-unseen-cdf-robust-eps-con
verted-to.pdf>
Package pdftex.def Info: arescue-figures/synthetic-cdf-plots/dom0-reverse-unsee
n-cdf-robust-eps-converted-to.pdf used on input line 863.
(pdftex.def)             Requested size: 142.26714pt x 113.81165pt.
 [16

]
<arescue-figures/model-creation-usage.jpg, id=598, 1017.8025pt x 590.205pt>
File: arescue-figures/model-creation-usage.jpg Graphic file (type jpg)

<use arescue-figures/model-creation-usage.jpg>
Package pdftex.def Info: arescue-figures/model-creation-usage.jpg used on input
 line 887.
(pdftex.def)             Requested size: 325.70346pt x 188.86945pt.

Overfull \vbox (0.35219pt too high) detected at line 887
 []

[17

 <./arescue-figures/model-creation-usage.jpg>]
Package epstopdf Info: Source file: <jss-figures/aff-synth/synth-co-domu1.eps>
(epstopdf)                    date: 2017-12-31 19:35:22
(epstopdf)                    size: 18238 bytes
(epstopdf)             Output file: <jss-figures/aff-synth/synth-co-domu1-eps-c
onverted-to.pdf>
(epstopdf)                    date: 2017-12-31 19:53:20
(epstopdf)                    size: 7681 bytes
(epstopdf)             Command: <repstopdf --outfile=jss-figures/aff-synth/synt
h-co-domu1-eps-converted-to.pdf jss-figures/aff-synth/synth-co-domu1.eps>
(epstopdf)             \includegraphics on input line 932.
Package epstopdf Info: Output file is already uptodate.

<jss-figures/aff-synth/synth-co-domu1-eps-converted-to.pdf, id=625, 233.87375pt
 x 113.42375pt>
File: jss-figures/aff-synth/synth-co-domu1-eps-converted-to.pdf Graphic file (t
ype pdf)

<use jss-figures/aff-synth/synth-co-domu1-eps-converted-to.pdf>
Package pdftex.def Info: jss-figures/aff-synth/synth-co-domu1-eps-converted-to.
pdf used on input line 932.
(pdftex.def)             Requested size: 163.71048pt x 79.39607pt.
Package epstopdf Info: Source file: <jss-figures/aff-synth/synth-co-dom0.eps>
(epstopdf)                    date: 2017-12-31 19:35:22
(epstopdf)                    size: 18369 bytes
(epstopdf)             Output file: <jss-figures/aff-synth/synth-co-dom0-eps-co
nverted-to.pdf>
(epstopdf)                    date: 2017-12-31 19:35:25
(epstopdf)                    size: 7812 bytes
(epstopdf)             Command: <repstopdf --outfile=jss-figures/aff-synth/synt
h-co-dom0-eps-converted-to.pdf jss-figures/aff-synth/synth-co-dom0.eps>
(epstopdf)             \includegraphics on input line 932.
Package epstopdf Info: Output file is already uptodate.

<jss-figures/aff-synth/synth-co-dom0-eps-converted-to.pdf, id=626, 233.87375pt 
x 113.42375pt>
File: jss-figures/aff-synth/synth-co-dom0-eps-converted-to.pdf Graphic file (ty
pe pdf)
 <use jss-figures/aff-synth/synth-co-dom0-eps-converted-to.pdf>
Package pdftex.def Info: jss-figures/aff-synth/synth-co-dom0-eps-converted-to.p
df used on input line 932.
(pdftex.def)             Requested size: 163.71048pt x 79.39607pt.
Package epstopdf Info: Source file: <jss-figures/aff-apps/rubis-co-domu1.eps>
(epstopdf)                    date: 2017-12-31 19:36:23
(epstopdf)                    size: 18303 bytes
(epstopdf)             Output file: <jss-figures/aff-apps/rubis-co-domu1-eps-co
nverted-to.pdf>
(epstopdf)                    date: 2017-12-31 19:53:20
(epstopdf)                    size: 7960 bytes
(epstopdf)             Command: <repstopdf --outfile=jss-figures/aff-apps/rubis
-co-domu1-eps-converted-to.pdf jss-figures/aff-apps/rubis-co-domu1.eps>
(epstopdf)             \includegraphics on input line 932.
Package epstopdf Info: Output file is already uptodate.

<jss-figures/aff-apps/rubis-co-domu1-eps-converted-to.pdf, id=627, 233.87375pt 
x 113.42375pt>
File: jss-figures/aff-apps/rubis-co-domu1-eps-converted-to.pdf Graphic file (ty
pe pdf)
 <use jss-figures/aff-apps/rubis-co-domu1-eps-converted-to.pdf>
Package pdftex.def Info: jss-figures/aff-apps/rubis-co-domu1-eps-converted-to.p
df used on input line 932.
(pdftex.def)             Requested size: 163.71048pt x 79.39607pt.
Package epstopdf Info: Source file: <jss-figures/aff-apps/rubis-co-dom0.eps>
(epstopdf)                    date: 2017-12-31 19:36:23
(epstopdf)                    size: 18232 bytes
(epstopdf)             Output file: <jss-figures/aff-apps/rubis-co-dom0-eps-con
verted-to.pdf>
(epstopdf)                    date: 2017-12-31 19:36:24
(epstopdf)                    size: 7918 bytes
(epstopdf)             Command: <repstopdf --outfile=jss-figures/aff-apps/rubis
-co-dom0-eps-converted-to.pdf jss-figures/aff-apps/rubis-co-dom0.eps>
(epstopdf)             \includegraphics on input line 932.
Package epstopdf Info: Output file is already uptodate.

<jss-figures/aff-apps/rubis-co-dom0-eps-converted-to.pdf, id=628, 233.87375pt x
 113.42375pt>
File: jss-figures/aff-apps/rubis-co-dom0-eps-converted-to.pdf Graphic file (typ
e pdf)
 <use jss-figures/aff-apps/rubis-co-dom0-eps-converted-to.pdf>
Package pdftex.def Info: jss-figures/aff-apps/rubis-co-dom0-eps-converted-to.pd
f used on input line 932.
(pdftex.def)             Requested size: 163.71048pt x 79.39607pt.

Overfull \vbox (6.35542pt too high) detected at line 932
 []

[18

 <./jss-figures/aff-synth/synth-co-domu1-eps-converted-to.pdf> <./jss-figures/a
ff-synth/synth-co-dom0-eps-converted-to.pdf> <./jss-figures/aff-apps/rubis-co-d
omu1-eps-converted-to.pdf> <./jss-figures/aff-apps/rubis-co-dom0-eps-converted-
to.pdf>] <jss-figures/multi-hop.jpg, id=674, 856.19875pt x 330.23375pt>
File: jss-figures/multi-hop.jpg Graphic file (type jpg)

<use jss-figures/multi-hop.jpg>
Package pdftex.def Info: jss-figures/multi-hop.jpg used on input line 960.
(pdftex.def)             Requested size: 342.47343pt x 132.09114pt.

Overfull \vbox (0.22919pt too high) detected at line 960
 []

[19

 <./jss-figures/multi-hop.jpg>] [20

] [21

]
<confided-figures/main/system-under-considerat.pdf, id=757, 178.6675pt x 240.9p
t>
File: confided-figures/main/system-under-considerat.pdf Graphic file (type pdf)

 <use confided-figures/main/system-under-considerat.pdf>
Package pdftex.def Info: confided-figures/main/system-under-considerat.pdf used
 on input line 1061.
(pdftex.def)             Requested size: 98.26741pt x 132.49539pt.
 [22

 <./confided-figures/main/system-under-considerat.pdf>]
<confided-figures/sharing-distrib-from-hashes/reads-writes/cdf-perc-sharing-dis
trib.pdf, id=796, 361.35pt x 216.81pt>
File: confided-figures/sharing-distrib-from-hashes/reads-writes/cdf-perc-sharin
g-distrib.pdf Graphic file (type pdf)

<use confided-figures/sharing-distrib-from-hashes/reads-writes/cdf-perc-sharing
-distrib.pdf>
Package pdftex.def Info: confided-figures/sharing-distrib-from-hashes/reads-wri
tes/cdf-perc-sharing-distrib.pdf used on input line 1119.
(pdftex.def)             Requested size: 162.60599pt x 97.56358pt.

<confided-figures/occurrence-distrib/reads-writes/cdf-perc-occurrence-distrib.p
df, id=797, 361.35pt x 216.81pt>
File: confided-figures/occurrence-distrib/reads-writes/cdf-perc-occurrence-dist
rib.pdf Graphic file (type pdf)

<use confided-figures/occurrence-distrib/reads-writes/cdf-perc-occurrence-distr
ib.pdf>
Package pdftex.def Info: confided-figures/occurrence-distrib/reads-writes/cdf-p
erc-occurrence-distrib.pdf used on input line 1119.
(pdftex.def)             Requested size: 162.60599pt x 97.56358pt.
LaTeX Font Info:    Font shape `OT1/ptm/bx/n' in size <14.4> not available
(Font)              Font shape `OT1/ptm/b/n' tried instead on input line 1119.
LaTeX Font Info:    Font shape `OT1/ptm/bx/n' in size <5> not available
(Font)              Font shape `OT1/ptm/b/n' tried instead on input line 1119.

Overfull \vbox (2.79132pt too high) detected at line 1119
 []

[23

 <./confided-figures/sharing-distrib-from-hashes/reads-writes/cdf-perc-sharing-
distrib.pdf> <./confided-figures/occurrence-distrib/reads-writes/cdf-perc-occur
rence-distrib.pdf

pdfTeX warning: pdflatex (file ./confided-figures/occurrence-distrib/reads-writ
es/cdf-perc-occurrence-distrib.pdf): PDF inclusion: multiple pdfs with page gro
up included in a single page
>]
<confided-figures/main/sys-arch-iodedup-host.pdf, id=844, 451.6875pt x 223.8362
4pt>
File: confided-figures/main/sys-arch-iodedup-host.pdf Graphic file (type pdf)
 <use confided-figures/main/sys-arch-iodedup-host.pdf>
Package pdftex.def Info: confided-figures/main/sys-arch-iodedup-host.pdf used o
n input line 1181.
(pdftex.def)             Requested size: 162.60736pt x 80.58098pt.
 [24

 <./confided-figures/main/sys-arch-iodedup-host.pdf>]
File: confided-figures/main/sys-arch-iodedup-host.pdf Graphic file (type pdf)

<use confided-figures/main/sys-arch-iodedup-host.pdf>
Package pdftex.def Info: confided-figures/main/sys-arch-iodedup-host.pdf used o
n input line 1181.
(pdftex.def)             Requested size: 162.60736pt x 80.58098pt.
 [25

]
File: confided-figures/main/sys-arch-iodedup-host.pdf Graphic file (type pdf)

<use confided-figures/main/sys-arch-iodedup-host.pdf>
Package pdftex.def Info: confided-figures/main/sys-arch-iodedup-host.pdf used o
n input line 1181.
(pdftex.def)             Requested size: 162.60736pt x 80.58098pt.
 [26

]
<confided-figures/sweetspot-512MB/sweetspot-512MB.pdf, id=938, 361.35pt x 216.8
1pt>
File: confided-figures/sweetspot-512MB/sweetspot-512MB.pdf Graphic file (type p
df)
 <use confided-figures/sweetspot-512MB/sweetspot-512MB.pdf>
Package pdftex.def Info: confided-figures/sweetspot-512MB/sweetspot-512MB.pdf u
sed on input line 1216.
(pdftex.def)             Requested size: 205.97163pt x 123.58298pt.
 [27

 <./confided-figures/sweetspot-512MB/sweetspot-512MB.pdf>] [28

] [29

]
<confided-figures/main/kvm-disk-io.pdf, id=1028, 249.93375pt x 329.23pt>
File: confided-figures/main/kvm-disk-io.pdf Graphic file (type pdf)

<use confided-figures/main/kvm-disk-io.pdf>
Package pdftex.def Info: confided-figures/main/kvm-disk-io.pdf used on input li
ne 1358.
(pdftex.def)             Requested size: 99.97173pt x 131.68965pt.

<confided-figures/main/xen-disk-io.pdf, id=1029, 301.125pt x 281.05pt>
File: confided-figures/main/xen-disk-io.pdf Graphic file (type pdf)

<use confided-figures/main/xen-disk-io.pdf>
Package pdftex.def Info: confided-figures/main/xen-disk-io.pdf used on input li
ne 1358.
(pdftex.def)             Requested size: 120.44786pt x 112.418pt.
 [30

 <./confided-figures/main/kvm-disk-io.pdf> <./confided-figures/main/xen-disk-io
.pdf>]
<confided-figures/main/deduped-block.pdf, id=1070, 329.23pt x 246.9225pt>
File: confided-figures/main/deduped-block.pdf Graphic file (type pdf)

<use confided-figures/main/deduped-block.pdf>
Package pdftex.def Info: confided-figures/main/deduped-block.pdf used on input 
line 1426.
(pdftex.def)             Requested size: 131.68965pt x 98.76724pt.
 [31

 <./confided-figures/main/deduped-block.pdf>]
File: confided-figures/main/deduped-block.pdf Graphic file (type pdf)
 <use confided-figures/main/deduped-block.pdf>
Package pdftex.def Info: confided-figures/main/deduped-block.pdf used on input 
line 1426.
(pdftex.def)             Requested size: 131.68965pt x 98.76724pt.
 [32

]
File: confided-figures/main/deduped-block.pdf Graphic file (type pdf)

<use confided-figures/main/deduped-block.pdf>
Package pdftex.def Info: confided-figures/main/deduped-block.pdf used on input 
line 1426.
(pdftex.def)             Requested size: 131.68965pt x 98.76724pt.

<confided-figures/main/dedup-working-reads.pdf, id=1151, 406.51875pt x 275.0275
pt>
File: confided-figures/main/dedup-working-reads.pdf Graphic file (type pdf)
 <use confided-figures/main/dedup-working-reads.pdf>
Package pdftex.def Info: confided-figures/main/dedup-working-reads.pdf used on 
input line 1426.
(pdftex.def)             Requested size: 162.60461pt x 110.00905pt.
 [33

 <./confided-figures/main/dedup-working-reads.pdf>]
<confided-figures/read-response-distrib/reads-writes/read-response-distrib-read
s-n-writes.pdf, id=1182, 361.35pt x 216.81pt>
File: confided-figures/read-response-distrib/reads-writes/read-response-distrib
-reads-n-writes.pdf Graphic file (type pdf)

<use confided-figures/read-response-distrib/reads-writes/read-response-distrib-
reads-n-writes.pdf>
Package pdftex.def Info: confided-figures/read-response-distrib/reads-writes/re
ad-response-distrib-reads-n-writes.pdf used on input line 1463.
(pdftex.def)             Requested size: 162.60599pt x 97.56358pt.

<confided-figures/contentdedup-factor/contentdedupfactor.pdf, id=1183, 361.35pt
 x 216.81pt>
File: confided-figures/contentdedup-factor/contentdedupfactor.pdf Graphic file 
(type pdf)
 <use confided-figures/contentdedup-factor/contentdedupfactor.pdf>
Package pdftex.def Info: confided-figures/contentdedup-factor/contentdedupfacto
r.pdf used on input line 1463.
(pdftex.def)             Requested size: 191.51459pt x 114.90874pt.

[34

 <./confided-figures/read-response-distrib/reads-writes/read-response-distrib-r
eads-n-writes.pdf> <./confided-figures/contentdedup-factor/contentdedupfactor.p
df

pdfTeX warning: pdflatex (file ./confided-figures/contentdedup-factor/contentde
dupfactor.pdf): PDF inclusion: multiple pdfs with page group included in a sing
le page
>]
<confided-figures/aggregate-hw-replay/reads-writes/timeseriesperf-hour.pdf, id=
1378, 361.35pt x 216.81pt>
File: confided-figures/aggregate-hw-replay/reads-writes/timeseriesperf-hour.pdf
 Graphic file (type pdf)

<use confided-figures/aggregate-hw-replay/reads-writes/timeseriesperf-hour.pdf>
Package pdftex.def Info: confided-figures/aggregate-hw-replay/reads-writes/time
seriesperf-hour.pdf used on input line 1523.
(pdftex.def)             Requested size: 198.74312pt x 119.24586pt.
[35

 <./confided-figures/aggregate-hw-replay/reads-writes/timeseriesperf-hour.pdf>]

<presyn-figures/conference-names-wordle.jpg, id=1655, 773.89125pt x 358.33875pt
>
File: presyn-figures/conference-names-wordle.jpg Graphic file (type jpg)
 <use presyn-figures/conference-names-wordle.jpg>
Package pdftex.def Info: presyn-figures/conference-names-wordle.jpg used on inp
ut line 1555.
(pdftex.def)             Requested size: 100.60939pt x 46.58566pt.

<presyn-figures/year-of-publication-wordle.jpg, id=1656, 810.02625pt x 510.9087
5pt>
File: presyn-figures/year-of-publication-wordle.jpg Graphic file (type jpg)
 <use presyn-figures/year-of-publication-wordle.jpg>
Package pdftex.def Info: presyn-figures/year-of-publication-wordle.jpg used on 
input line 1555.
(pdftex.def)             Requested size: 105.3071pt x 66.42046pt.
 [36

 <./presyn-figures/conference-names-wordle.jpg> <./presyn-figures/year-of-publi
cation-wordle.jpg>]
LaTeX Font Info:    Font shape `OT1/ptm/bx/n' in size <12> not available
(Font)              Font shape `OT1/ptm/b/n' tried instead on input line 1587.
LaTeX Font Info:    Font shape `OT1/ptm/bx/n' in size <9> not available
(Font)              Font shape `OT1/ptm/b/n' tried instead on input line 1587.
LaTeX Font Info:    Font shape `OT1/ptm/bx/n' in size <7> not available
(Font)              Font shape `OT1/ptm/b/n' tried instead on input line 1587.
[37

]
<tracechar-figures/21-day/webvm-block-read-appended-21-prob-40perc.pdf, id=1722
, 361.35pt x 216.81pt>
File: tracechar-figures/21-day/webvm-block-read-appended-21-prob-40perc.pdf Gra
phic file (type pdf)

<use tracechar-figures/21-day/webvm-block-read-appended-21-prob-40perc.pdf>
Package pdftex.def Info: tracechar-figures/21-day/webvm-block-read-appended-21-
prob-40perc.pdf used on input line 1639.
(pdftex.def)             Requested size: 130.08589pt x 78.05153pt.

<tracechar-figures/21-day/webvm-reuse-dist-distrib-readonly-appended-21-loglog.
pdf, id=1723, 361.35pt x 216.81pt>
File: tracechar-figures/21-day/webvm-reuse-dist-distrib-readonly-appended-21-lo
glog.pdf Graphic file (type pdf)

<use tracechar-figures/21-day/webvm-reuse-dist-distrib-readonly-appended-21-log
log.pdf>
Package pdftex.def Info: tracechar-figures/21-day/webvm-reuse-dist-distrib-read
only-appended-21-loglog.pdf used on input line 1639.
(pdftex.def)             Requested size: 130.08589pt x 78.05153pt.

<tracechar-figures/21-day/webvm-dedup-block-read-appended-21-prob-40perc.pdf, i
d=1724, 361.35pt x 216.81pt>
File: tracechar-figures/21-day/webvm-dedup-block-read-appended-21-prob-40perc.p
df Graphic file (type pdf)

<use tracechar-figures/21-day/webvm-dedup-block-read-appended-21-prob-40perc.pd
f>
Package pdftex.def Info: tracechar-figures/21-day/webvm-dedup-block-read-append
ed-21-prob-40perc.pdf used on input line 1639.
(pdftex.def)             Requested size: 130.08589pt x 78.05153pt.

<tracechar-figures/21-day/webvm-reuse-dist-distrib-dedup-readonly-appended-21-l
oglog.pdf, id=1725, 361.35pt x 216.81pt>
File: tracechar-figures/21-day/webvm-reuse-dist-distrib-dedup-readonly-appended
-21-loglog.pdf Graphic file (type pdf)

<use tracechar-figures/21-day/webvm-reuse-dist-distrib-dedup-readonly-appended-
21-loglog.pdf>
Package pdftex.def Info: tracechar-figures/21-day/webvm-reuse-dist-distrib-dedu
p-readonly-appended-21-loglog.pdf used on input line 1639.
(pdftex.def)             Requested size: 130.08589pt x 78.05153pt.

Overfull \vbox (1.16312pt too high) detected at line 1639
 []

[38

 <./tracechar-figures/21-day/webvm-block-read-appended-21-prob-40perc.pdf> <./t
racechar-figures/21-day/webvm-reuse-dist-distrib-readonly-appended-21-loglog.pd
f

pdfTeX warning: pdflatex (file ./tracechar-figures/21-day/webvm-reuse-dist-dist
rib-readonly-appended-21-loglog.pdf): PDF inclusion: multiple pdfs with page gr
oup included in a single page
> <./tracechar-figures/21-day/webvm-dedup-block-read-appended-21-prob-40perc.pd
f

pdfTeX warning: pdflatex (file ./tracechar-figures/21-day/webvm-dedup-block-rea
d-appended-21-prob-40perc.pdf): PDF inclusion: multiple pdfs with page group in
cluded in a single page
> <./tracechar-figures/21-day/webvm-reuse-dist-distrib-dedup-readonly-appended-
21-loglog.pdf

pdfTeX warning: pdflatex (file ./tracechar-figures/21-day/webvm-reuse-dist-dist
rib-dedup-readonly-appended-21-loglog.pdf): PDF inclusion: multiple pdfs with p
age group included in a single page
>] [39

]
\c@finalframe=\count182
 (./defense.bbl) [40

 </usr/share/texmf/tex/latex/beamer/base/art/beamericonarticle.pdf>] [41


]
\tf@nav=\write7
\openout7 = `defense.nav'.

\tf@toc=\write8
\openout8 = `defense.toc'.

\tf@snm=\write9
\openout9 = `defense.snm'.

Package atveryend Info: Empty hook `BeforeClearDocument' on input line 2098.
Package atveryend Info: Empty hook `AfterLastShipout' on input line 2098.
 (./defense.aux)
Package atveryend Info: Executing hook `AtVeryEndDocument' on input line 2098.
Package atveryend Info: Executing hook `AtEndAfterFileList' on input line 2098.

Package rerunfilecheck Info: File `defense.out' has not changed.
(rerunfilecheck)             Checksum: C4E1CE716AF4664D57CD2C3CBA02B024;1089.


LaTeX Font Warning: Size substitutions with differences
(Font)              up to 1.0pt have occurred.

Package atveryend Info: Empty hook `AtVeryVeryEnd' on input line 2098.
 ) 
Here is how much of TeX's memory you used:
 23360 strings out of 495028
 468734 string characters out of 6181498
 576263 words of memory out of 5000000
 25808 multiletter control sequences out of 15000+600000
 57016 words of font info for 133 fonts, out of 8000000 for 9000
 14 hyphenation exceptions out of 8191
 55i,16n,63p,413b,1149s stack positions out of 5000i,500n,10000p,200000b,80000s
 </home/sujesha/.texmf-var/fonts/pk/ljfour/jknappen/ec/ectt0800.450pk> </home
/sujesha/.texmf-var/fonts/pk/ljfour/jknappen/ec/ecss0900.600pk> </home/sujesha/
.texmf-var/fonts/pk/ljfour/jknappen/ec/ecsx0800.600pk> </home/sujesha/.texmf-va
r/fonts/pk/ljfour/jknappen/ec/ectt0800.600pk> </home/sujesha/.texmf-var/fonts/p
k/ljfour/jknappen/ec/ecsi0600.600pk> </home/sujesha/.texmf-var/fonts/pk/ljfour/
jknappen/ec/ecss0500.600pk> </home/sujesha/.texmf-var/fonts/pk/ljfour/jknappen/
ec/ecss0700.600pk> </home/sujesha/.texmf-var/fonts/pk/ljfour/jknappen/ec/ecsi07
00.600pk> </home/sujesha/.texmf-var/fonts/pk/ljfour/jknappen/ec/ecsi1000.600pk>
 </home/sujesha/.texmf-var/fonts/pk/ljfour/jknappen/ec/ecsi0800.600pk> </home/s
ujesha/.texmf-var/fonts/pk/ljfour/jknappen/ec/ecsx1095.600pk> </home/sujesha/.t
exmf-var/fonts/pk/ljfour/jknappen/ec/ecsx1000.600pk> </home/sujesha/.texmf-var/
fonts/pk/ljfour/jknappen/ec/ecsi1440.600pk> </home/sujesha/.texmf-var/fonts/pk/
ljfour/jknappen/ec/ecss1000.600pk> </home/sujesha/.texmf-var/fonts/pk/ljfour/jk
nappen/ec/ectt1095.600pk> </home/sujesha/.texmf-var/fonts/pk/ljfour/jknappen/ec
/ecsi1200.600pk> </home/sujesha/.texmf-var/fonts/pk/ljfour/jknappen/ec/ecsi1095
.600pk> </home/sujesha/.texmf-var/fonts/pk/ljfour/jknappen/ec/ecss1200.600pk> <
/home/sujesha/.texmf-var/fonts/pk/ljfour/jknappen/ec/ecss0600.600pk> </home/suj
esha/.texmf-var/fonts/pk/ljfour/jknappen/ec/ecss0800.600pk> </home/sujesha/.tex
mf-var/fonts/pk/ljfour/jknappen/ec/ecss1095.600pk> </home/sujesha/.texmf-var/fo
nts/pk/ljfour/jknappen/ec/ecss1440.600pk></usr/share/texlive/texmf-dist/fonts/t
ype1/public/amsfonts/cm/cmmi10.pfb></usr/share/texlive/texmf-dist/fonts/type1/p
ublic/amsfonts/cm/cmss10.pfb></usr/share/texlive/texmf-dist/fonts/type1/public/
amsfonts/cm/cmsy10.pfb></usr/share/texlive/texmf-dist/fonts/type1/urw/symbol/us
yr.pfb>
Output written on defense.pdf (41 pages, 3713525 bytes).
PDF statistics:
 2655 PDF objects out of 2984 (max. 8388607)
 1637 compressed objects within 17 object streams
 110 named destinations out of 1000 (max. 500000)
 447 words of extra memory for PDF output out of 10000 (max. 10000000)

